20000000:20002190
20000010:20000801
20000020:0
20000030:0
20000040:4b4cb5f8
20000050:4b4c601d
20000060:4c4ad1f8
20000070:3d01d004
20000080:681b7280
20000090:8c2078a2
200000a0:f64a7861
200000b0:89a16051
200000c0:62910989
200000d0:2124359
200000e0:2090989
200000f0:ea427a22
20000100:601a4b29
20000110:43028b62
20000120:f5a26091
20000130:4d216029
20000140:42d481f
20000150:2505ea40
20000160:502af894
20000170:bdf86013
20000180:2000199c
20000190:10
200001a0:10
200001b0:400ae270
200001c0:0
200001d0:0
200001e0:4dc
200001f0:0
20000200:4000c000
20000210:c00fe20c
20000220:c00fe214
20000230:c00fe21c
20000240:c00fe404
20000250:c00fe40c
20000260:c00fe414
20000270:c00fe41c
20000280:c00fdd84
20000290:c00fdd00
200002a0:c00fdd08
200002b0:c00fdd10
200002c0:c00feec4
200002d0:c00fef08
200002e0:c00fef44
200002f0:c00fef5c
20000300:ffffffff
20000310:ffffffff
20000320:ffffffff
20000330:ffffffff
20000340:ffffffff
20000350:ffffffff
20000360:ffffffff
20000370:ffffffff
20000380:80000aa4
20000390:ffffffff
200003a0:ffffffff
200003b0:ffffffff
200003c0:2038004
200003d0:0
200003e0:ffffffff
200003f0:2
20000400:ffffffff
20000410:ffffffff
20000420:ffffffff
20000430:ffffffff
20000440:ffffffff
20000450:ffffffff
20000460:ffffffff
20000470:ffffffff
20000480:ffffffff
20000490:ffffffff
200004a0:ffffffff
200004b0:ffffffff
200004c0:ffffffff
200004d0:ffffffff
200004e0:ffffffff
200004f0:ffffffff
20000500:ffffffff
20000510:ffffffff
20000520:ffffffff
20000530:ffffffff
20000540:ffffffff
20000550:ffffffff
20000560:ffffffff
20000570:ffffffff
20000580:ffffffff
20000590:ffffffff
200005a0:ffffffff
200005b0:ffffffff
200005c0:ffffffff
200005d0:ffffffff
200005e0:ffffffff
200005f0:ffffffff
20000600:ffffffff
20000610:ffffffff
20000620:ffffffff
20000630:ffffffff
20000640:ffffffff
20000650:ffffffff
20000660:ffffffff
20000670:ffffffff
20000680:ffffffff
20000690:ffffffff
200006a0:ffffffff
200006b0:ffffffff
200006c0:ffffffff
200006d0:ffffffff
200006e0:ffffffff
200006f0:ffffffff
20000700:ffffffff
20000710:ffffffff
20000720:ffffffff
20000730:ffffffff
20000740:ffffffff
20000750:ffffffff
20000760:ffffffff
20000770:ffffffff
20000780:ffffffff
20000790:ffffffff
200007a0:ffffffff
200007b0:ffffffff
200007c0:ffffffff
200007d0:ffffffff
200007e0:ffffffff
200007f0:ffffffff
20000800:2300e7fe
20000810:5015f830
20000820:eb01b298
20000830:eb014313
20000840:681a4b09
20000850:60536013
20000860:e7fe601a
20000870:400fe1d0
20000880:681bbf18
20000890:c9b0483
200008a0:2b1fd104
200008b0:d1fd3801
200008c0:7200f442
200008d0:f442681a
200008e0:f8436819
200008f0:2a0a020f
20000900:f84340c0
20000910:f022627e
20000920:f0426f80
20000930:72fef640
20000940:601a0201
20000950:f8c32230
20000960:6810461a
20000970:7080f04f
20000980:22014b16
20000990:681a601a
200009a0:681a4b06
200009b0:601a7200
200009c0:400ae26c
200009d0:400ae030
200009e0:400ae20c
200009f0:601a7200
20000a00:7200f442
20000a10:33a84a2a
20000a20:22014b27
20000a30:615d4b24
20000a40:2244f8c3
20000a50:601a0201
20000a60:f8c32202
20000a70:6811461a
20000a80:7180f04f
20000a90:f002681a
20000aa0:601a7200
20000ab0:400fdfb0
20000ac0:400ae050
20000ad0:400ae2b4
20000ae0:b08b485f
20000af0:68194d5d
20000b00:601a2255
20000b10:92059160
20000b20:b91e2002
20000b30:20022313
20000b40:6823602b
20000b50:9a016823
20000b60:4698bf38
20000b70:2002fe9f
20000b80:3601602b
20000b90:d1c32e02
20000ba0:1cb0f843
20000bb0:9b091c9c
20000bc0:f64fe048
20000bd0:46285f04
20000be0:d00b4f60
20000bf0:4f60f1b5
20000c00:e000465e
20000c10:73fff64f
20000c20:f8580888
20000c30:f8560686
20000c40:5205580
20000c50:fec8f7ff
20000c60:400ae050
20000c70:1010008
20000c80:681a9204
20000c90:20024ba1
20000ca0:fe06f7ff
20000cb0:46289401
20000cc0:46069401
20000cd0:f7ff2101
20000ce0:f8dfb248
20000cf0:c18f105
20000d00:5010f500
20000d10:f7ff4448
20000d20:9b00fdb7
20000d30:f113d003
20000d40:4f60f1b2
20000d50:4888ea4f
20000d60:8008f8cd
20000d70:4370f008
20000d80:ea4fb1d8
20000d90:f0088034
20000da0:2800fd77
20000db0:f1b882a5
20000dc0:f85c466b
20000dd0:d11e4f60
20000de0:f7ff4638
20000df0:d10e07ff
20000e00:429f5380
20000e10:f1054644
20000e20:429a5380
20000e30:827af000
20000e40:9b0c9a0d
20000e50:f84c4668
20000e60:f84c466b
20000e70:9c0cd139
20000e80:f004d015
20000e90:fcfef7ff
20000ea0:f0800401
20000eb0:4f60f1b4
20000ec0:4370f004
20000ed0:4f60f1b4
20000ee0:e0004644
20000ef0:8030f8dd
20000f00:fcc6f7ff
20000f10:400fdfb0
20000f20:21027fc
20000f30:f1b84604
20000f40:f000429a
20000f50:f00f1b8
20000f60:5010f500
20000f70:44484160
20000f80:d1100fe0
20000f90:f7ff4160
20000fa0:4160f04f
20000fb0:d1054598
20000fc0:f0ff1b8
20000fd0:43d90308
20000fe0:1111ea42
20000ff0:fcf8f7ff
20001000:f0480801
20001010:e01b1111
20001020:4170f003
20001030:d10e4f60
20001040:43d24070
20001050:4b6dfcc9
20001060:350418eb
20001070:f10b0aa8
20001080:46422301
20001090:d17a2b00
200010a0:8fef24e
200010b0:46e90a18
200010c0:d1014541
200010d0:25014611
200010e0:f103e009
200010f0:f04f4611
20001100:d1232906
20001110:c008f8dd
20001120:d80342a6
20001130:101f109
20001140:e0d2d123
20001150:c18f103
20001160:2b182201
20001170:9a0380bc
20001180:303c0240
20001190:43f1fb93
200011a0:701f024
200011b0:ea4f026d
200011c0:46280801
200011d0:f7ff5180
200011e0:43d12300
200011f0:4a0bd118
20001200:e0110b0f
20001210:20007ff0
20001220:20b0008
20001230:f1044b48
20001240:cf104
20001250:18eb0010
20001260:301f006
20001270:7cfff64f
20001280:4613e000
20001290:1303eb06
200012a0:d1ee2a07
200012b0:429c3454
200012c0:af7ff47f
200012d0:37014824
200012e0:1111ea43
200012f0:4b1f601a
20001300:463c2701
20001310:27ffe554
20001320:46690218
20001330:300cf840
20001340:e5d05053
20001350:e5f8300c
20001360:f00024a8
20001370:400fd0fc
20001380:2b04f840
20001390:3301681b
200013a0:7166f44f
200013b0:60236825
200013c0:3cf8f842
200013d0:200002b8
200013e0:20002000
200013f0:400fef34
20001400:400fef3c
20001410:c00fdf50
20001420:c00fe004
20001430:400ae030
20001440:400ae050
20001450:400ae050
20001460:400ae27c
20001470:400ae2c4
20001480:400ae2cc
20001490:400ae2d4
200014a0:400ae2dc
200014b0:400fe608
200014c0:400fefb4
200014d0:400fe63c
200014e0:400fe63c
200014f0:40038fc0
20001500:400fe638
20001510:40084fc0
20001520:400fe648
20001530:400fe648
20001540:40028fc0
20001550:400fe640
20001560:40050fc0
20001570:400fe008
20001580:400fe014
20001590:400fe01c
200015a0:400fe024
200015b0:400fe02c
200015c0:400fe110
200015d0:400fe14c
200015e0:400fe1b0
200015f0:400fe1c0
20001600:400fe320
20001610:400fe348
20001620:400fe354
20001630:400fed00
20001640:400fed08
20001650:400fed10
20001660:400fed18
20001670:400fed20
20001680:400fed28
20001690:400fed30
200016a0:400fed38
200016b0:400fed40
200016c0:400fed48
200016d0:400fed50
200016e0:400fed58
200016f0:400fed60
20001700:400fee04
20001710:400fee0c
20001720:400fee14
20001730:400fee1c
20001740:400fee44
20001750:400fee4c
20001760:400feeec
20001770:400fef4c
20001780:ffffffff
20001790:ffffffff
200017a0:ffffffff
200017b0:ffffffff
200017c0:ffffffff
200017d0:ffffffff
200017e0:ffffffff
200017f0:11de784a
20001800:0
20001810:0
20001820:0
20001830:922e5b9
20001840:c6e65ab
20001850:0
20001860:0
20001870:0
20001880:0
20001890:0
200018a0:0
200018b0:0
200018c0:0
200018d0:0
200018e0:0
200018f0:0
20001900:0
20001910:0
20001920:0
20001930:0
20001940:ffffffff
20001950:1001f8
20001960:77172702
20001970:22222a2a
20001980:1180020
20001990:1390178
200019a0:ffffffff
200019b0:8b496348
200019c0:1ffff
200019d0:ffffffff
200019e0:ffffffff
200019f0:ffffffff
20001a00:ffff
20001a10:ffff
20001a20:ffff
20001a30:ffff
20001a40:ffff
20001a50:ffffffff
20001a60:ffffffff
20001a70:ffffffff
20001a80:ffffffff
20001a90:ffffffff
20001aa0:ffffffff
20001ab0:ffffffff
20001ac0:ffffffff
20001ad0:ffffffff
20001ae0:ffffffff
20001af0:ffffffff
20001b00:ffffffff
20001b10:2038004
20001b20:0
20001b30:ffffffff
20001b40:2
20001b50:ffffffff
20001b60:ffffffff
20001b70:ffffffff
20001b80:ffffffff
20001b90:ffffffff
20001ba0:ffffffff
20001bb0:ffffffff
20001bc0:ffffffff
20001bd0:ffffffff
20001be0:ffffffff
20001bf0:12345678
20001c00:ffffffff
20001c10:ffffffff
20001c20:ffffffff
20001c30:ffffffff
20001c40:ffffffff
20001c50:ffffffff
20001c60:ffffffff
20001c70:ffffffff
20001c80:ffffffff
20001c90:ffffffff
20001ca0:ffffffff
20001cb0:ffffffff
20001cc0:ffffffff
20001cd0:ffffffff
20001ce0:ffffffff
20001cf0:ffffffff
20001d00:ffffffff
20001d10:ffffffff
20001d20:ffffffff
20001d30:ffffffff
20001d40:ffffffff
20001d50:ffffffff
20001d60:ffffffff
20001d70:ffffffff
20001d80:ffffffff
20001d90:ffffffff
20001da0:ffffffff
20001db0:ffffffff
20001dc0:ffffffff
20001dd0:ffffffff
20001de0:ffffffff
20001df0:ffffffff
20001e00:ffffffff
20001e10:ffffffff
20001e20:ffffffff
20001e30:ffffffff
20001e40:ffffffff
20001e50:ffffffff
20001e60:ffffffff
20001e70:ffffffff
20001e80:ffffffff
20001e90:ffffffff
20001ea0:ffffffff
20001eb0:ffffffff
20001ec0:ffffffff
20001ed0:ffffffff
20001ee0:ffffffff
20001ef0:ffffffff
20001f00:ffffffff
20001f10:ffffffff
20001f20:ffffffff
20001f30:ffffffff
20001f40:ffffffff
20001f50:ffffffff
20001f60:ffffffff
20001f70:ffffffff
20001f80:ffffffff
20001f90:ffffffff
20001fa0:ffffffff
20001fb0:ffffffff
20001fc0:ffffffff
20001fd0:ffffffff
20001fe0:ffffffff
20001ff0:ffffffff
20002000:0
20002010:0
20002020:0
20002030:0
20002040:0
20002050:0
20002060:0
20002070:0
20002080:0
20002090:0
200020a0:0
200020b0:0
200020c0:0
200020d0:0
200020e0:0
200020f0:0
20002100:ffffffff
20002110:14
20002120:348
20002130:ffffffff
20002140:ffffffff
20002150:fff
20002160:ffffffff
20002170:7f
20002180:0
20002190:b47d4cec
200021a0:84c19fbc
200021b0:3f7c2147
200021c0:a1d3e4ba
200021d0:744df776
200021e0:69836bdc
200021f0:20f83ff7
20002200:1ba4000f
20002210:bd8cd0ee
20002220:f6182c23
20002230:61fb5fb
20002240:ca93cf27
20002250:fe513029
20002260:e4518785
20002270:279283ed
20002280:99bd8b88
20002290:f72b55e0
200022a0:98e82118
200022b0:fd030666
200022c0:d9b764ad
200022d0:5626642f
200022e0:b4459ddb
200022f0:f8d15cfd
20002300:e8cb22cf
20002310:bae87388
20002320:30f7b8a9
20002330:4560ad43
20002340:3a3feb0d
20002350:979ddcdb
20002360:55f3f88f
20002370:5cec6c4a
20002380:96d9d5e4
20002390:8030da9a
200023a0:9723e236
200023b0:a8c89887
200023c0:496de45d
200023d0:723d18b9
200023e0:e3bf39dc
200023f0:fb6507c6
20002400:41fe669
20002410:bb505860
20002420:abb22b4d
20002430:a8efac7d
20002440:514beb37
20002450:8f4df33e
20002460:4ece6b62
20002470:5bac1dd6
20002480:38bedd92
20002490:df2b21cc
200024a0:43953dcf
200024b0:78a903d
200024c0:db5b9ffa
200024d0:ef5b7758
200024e0:96c1b6e3
200024f0:63dcb365
20002500:953a13e4
20002510:7bf6763d
20002520:fd26a484
20002530:8add4db9
20002540:c85a5afc
20002550:cfae7713
20002560:728cfa33
20002570:21e3115
20002580:63766daf
20002590:492bc832
200025a0:a5ec965f
200025b0:ca2100
200025c0:12e59ea9
200025d0:12ce7daf
200025e0:57dfa5f9
200025f0:9c897fd6
20002600:20f7cb56
20002610:6dc420ca
20002620:1261ded6
20002630:9ff9ff79
20002640:db66e516
20002650:57a70609
20002660:f7f5cd38
20002670:689b19da
20002680:57f548ce
20002690:8a9b0f06
200026a0:198477a
200026b0:80ea5e7a
200026c0:32727289
200026d0:fb2f2ad5
200026e0:46f7518a
200026f0:57e23e6e
20002700:344e2214
20002710:8df049ca
20002720:ab541e6e
20002730:1af3ef59
20002740:20c1da9f
20002750:9b77bed
20002760:a4bb2ddf
20002770:f5027da7
20002780:922d7869
20002790:35f1b6e9
200027a0:38ee61d0
200027b0:ce11d70f
200027c0:d7935bf3
200027d0:c2a09712
200027e0:148efd2f
200027f0:6bf1ce93
20002800:f1df8b9c
20002810:69cd1b21
20002820:723dba13
20002830:dcbf16b8
20002840:fd6a0d69
20002850:715acb74
20002860:5f0b26af
20002870:d5bcd587
20002880:db18cc32
20002890:dc1f219
200028a0:804240e4
200028b0:1a4238a8
200028c0:fa5c6269
200028d0:86bef1df
200028e0:d86b76cb
200028f0:b923ce94
20002900:c2c4442c
20002910:a2137d6
20002920:60ccb3d4
20002930:60160d6a
20002940:fc511833
20002950:5500c9cf
20002960:3d3836fb
20002970:cda09b59
20002980:c216e5b
20002990:9f8056ff
200029a0:7c1f127e
200029b0:a1f1b106
200029c0:e2dc685d
200029d0:8afd5372
200029e0:fb19928b
200029f0:5bccaee
20002a00:15cff2e1
20002a10:409cd8ee
20002a20:bf611148
20002a30:7926be93
20002a40:590879e8
20002a50:74341e4b
20002a60:fb4969f3
20002a70:526f1fc7
20002a80:98f5f54f
20002a90:45648eae
20002aa0:ae35052c
20002ab0:681f5a3d
20002ac0:38ca6fd0
20002ad0:ba5bb15b
20002ae0:b2d43899
20002af0:86f11913
20002b00:af58376b
20002b10:4f6ad151
20002b20:76caba9
20002b30:fea22bcf
20002b40:f6f286dd
20002b50:385d0be3
20002b60:b6f18846
20002b70:7e9f5d4d
20002b80:b4ed5938
20002b90:c8edb506
20002ba0:3982ebf1
20002bb0:5a3aef2
20002bc0:209463ab
20002bd0:99c4f4d3
20002be0:39ff3882
20002bf0:47c335e6
20002c00:7121e251
20002c10:f3a0107a
20002c20:49a539df
20002c30:84d268a0
20002c40:f5c97930
20002c50:e5bbf738
20002c60:4f2f5ee1
20002c70:768a4f80
20002c80:d37ad5ef
20002c90:3e565e29
20002ca0:3f82b43e
20002cb0:74bfb79b
20002cc0:be5a4dbd
20002cd0:fdf1a910
20002ce0:f2b2eefc
20002cf0:79ba55ea
20002d00:b6904b1a
20002d10:3a399148
20002d20:79db8ab
20002d30:b64f753a
20002d40:3d630cf4
20002d50:7ae84f9d
20002d60:56bfbea9
20002d70:fa77bfd5
20002d80:7ae3b525
20002d90:b85d30d2
20002da0:a5e83f48
20002db0:6a6bc881
20002dc0:f7fb77f
20002dd0:2a5ceafe
20002de0:fe8cd65c
20002df0:a5c6f2b5
20002e00:b571eb4f
20002e10:929dfb6d
20002e20:3abd36a3
20002e30:140176b6
20002e40:87f79bb4
20002e50:6ab79227
20002e60:92cbdfa6
20002e70:b2693240
20002e80:c98b2fac
20002e90:a660e9d0
20002ea0:8ac5162d
20002eb0:3a37d0a8
20002ec0:51f6a0b7
20002ed0:5326cdb7
20002ee0:fafb4854
20002ef0:e09d992a
20002f00:d1871919
20002f10:77427b97
20002f20:c60510d
20002f30:d28555ef
20002f40:1dce7721
20002f50:77d2ddf5
20002f60:6a965c16
20002f70:3c02498c
20002f80:4a7de1cd
20002f90:1074fce
20002fa0:c1962bb6
20002fb0:93ef3b66
20002fc0:77fda5db
20002fd0:f39aa6b1
20002fe0:69fbec6d
20002ff0:54b5a06c
20003000:e59cffcf
20003010:6794f6ce
20003020:4754fc1
20003030:4982499a
20003040:f9b4769e
20003050:f74afd5b
20003060:4b8e0e53
20003070:1bc6517d
20003080:70ffd112
20003090:2c5fa3bb
200030a0:1f8b9992
200030b0:5ae0709a
200030c0:fffe32c7
200030d0:3f2aef3c
200030e0:e44a43d2
200030f0:bd3dcbf8
20003100:96e87647
20003110:35e8df53
20003120:ad46d5aa
20003130:d59fceb5
20003140:19a49e3e
20003150:7f0e12aa
20003160:16a635da
20003170:e7bf17be
20003180:f5b57bda
20003190:ea84ef3a
200031a0:4517fd83
200031b0:a3aaa7af
200031c0:c629691f
200031d0:6f67055e
200031e0:3dfd056f
200031f0:6130a7f7
20003200:1fc97d70
20003210:25b9a182
20003220:f20d40da
20003230:366ac72f
20003240:ed11c33f
20003250:79a19d8a
20003260:d3e03f36
20003270:66fc55d9
20003280:83a7636f
20003290:dfb51008
200032a0:76cf2381
200032b0:2a2a9eea
200032c0:e8feafef
200032d0:fe87aa86
200032e0:372a1f26
200032f0:c6937f7f
20003300:7af80083
20003310:453d5e1c
20003320:9f98c2dd
20003330:fb3e7cf3
20003340:f941966
20003350:5724ce2e
20003360:77701dee
20003370:e75e565b
20003380:321bc027
20003390:b83c7d36
200033a0:61d2d82c
200033b0:e0b9329b
200033c0:9e7d234b
200033d0:eec6639e
200033e0:60862b6f
200033f0:9c54d38f
20003400:5a356fa4
20003410:d254307
20003420:10c6bdf3
20003430:f471dbc8
20003440:1776cac
20003450:82a2c7ae
20003460:508609ec
20003470:c349b268
20003480:fb665dc
20003490:d5a7f3e3
200034a0:69868f65
200034b0:cea04945
200034c0:39efc21
200034d0:2d1d1ac2
200034e0:90ab192b
200034f0:1c9d523f
20003500:5b0da206
20003510:6e0475bc
20003520:9c54fd16
20003530:d6fb1500
20003540:a23afd64
20003550:b4d3bbbe
20003560:70cbcd73
20003570:52f5557
20003580:b6039833
20003590:b5df897e
200035a0:62b2c816
200035b0:8d841ea5
200035c0:69fdacbd
200035d0:9f3957
200035e0:dca51447
200035f0:383abf72
20003600:4d9eee9d
20003610:11f823be
20003620:14798793
20003630:f4885aed
20003640:bab6638
20003650:9c6a8f9
20003660:5e9fdd7b
20003670:2097d26b
20003680:5277cfb2
20003690:bca7e638
200036a0:776dd38e
200036b0:7184ee9d
200036c0:37316a6a
200036d0:65271e09
200036e0:62e25cb1
200036f0:e7290581
20003700:f8b22bf8
20003710:9c98cbf1
20003720:b420720d
20003730:aad18a2a
20003740:d713be27
20003750:9deefcd9
20003760:93c97fdf
20003770:3d84667d
20003780:573a435
20003790:f89489c8
200037a0:fa09f92e
200037b0:61c68d59
200037c0:f599555
200037d0:dbf510c3
200037e0:63503b0c
200037f0:41ab25ad
20003800:a66a8903
20003810:18275d67
20003820:1294cfe3
20003830:7276de5c
20003840:36b90eae
20003850:5926f128
20003860:deea42ea
20003870:5566b844
20003880:d7e0e2b8
20003890:17824756
200038a0:43257df4
200038b0:3e0aabf6
200038c0:b3c77df
200038d0:5f331dbc
200038e0:d750ca29
200038f0:6cdbf68d
20003900:ea97ac18
20003910:f09d5a4e
20003920:edbd52b8
20003930:753dcf25
20003940:77b38ea7
20003950:a291bb4c
20003960:9c11cefc
20003970:944698e7
20003980:59a7e14
20003990:ce3de894
200039a0:343ddbc2
200039b0:20f0c2b4
200039c0:db97d7c3
200039d0:c7ffe8c2
200039e0:6d2efecb
200039f0:2f1a9750
20003a00:f585aef3
20003a10:60827d2b
20003a20:d9a8b839
20003a30:4b0065b9
20003a40:3739b3ee
20003a50:4663d3b1
20003a60:e91554ef
20003a70:32190982
20003a80:f8947679
20003a90:4563e5c5
20003aa0:7769a038
20003ab0:8c9cf8ae
20003ac0:aa2dd5d
20003ad0:dbbd3bca
20003ae0:7640fe77
20003af0:320370fb
20003b00:90570941
20003b10:678df9ec
20003b20:92ffd5a1
20003b30:2ef014e
20003b40:9304e2d1
20003b50:ba1633e8
20003b60:a8c33795
20003b70:3ddbd128
20003b80:42bf7e78
20003b90:f609e58c
20003ba0:15eed493
20003bb0:793b433d
20003bc0:6345786c
20003bd0:8793566d
20003be0:2bdff0c0
20003bf0:7126e165
20003c00:ae4bca44
20003c10:d5cf779c
20003c20:4c8cbe67
20003c30:9681081
20003c40:cad44b2d
20003c50:d6ac7a9f
20003c60:6a2f9c30
20003c70:ca1ff2c9
20003c80:bc4f6d84
20003c90:bf1f253b
20003ca0:af79316a
20003cb0:302f63a0
20003cc0:56c6e7bc
20003cd0:5fb44279
20003ce0:c1a71962
20003cf0:aa59fdf5
20003d00:116b0c09
20003d10:cd788e23
20003d20:37f3c948
20003d30:1d4e456d
20003d40:66b43e3
20003d50:1ad25a49
20003d60:1bb70d58
20003d70:f4329549
20003d80:99c6d5c9
20003d90:cd69036e
20003da0:7e208c32
20003db0:a9fa4bc0
20003dc0:d6c26e01
20003dd0:9dfab6fb
20003de0:fffc3694
20003df0:d46c8edf
20003e00:be617a0c
20003e10:2c767503
20003e20:adeff68f
20003e30:29c866a
20003e40:83d2fdba
20003e50:cc1793e
20003e60:1b02fbf0
20003e70:e99ecc83
20003e80:8f7b697c
20003e90:fa6cbb19
20003ea0:cc837d72
20003eb0:a5b29d1e
20003ec0:66b7b8c3
20003ed0:8efd0215
20003ee0:4d6a6d35
20003ef0:df85dbbe
20003f00:6c94c2c7
20003f10:286db6da
20003f20:fbe7efc7
20003f30:9894a0cb
20003f40:25ae25d
20003f50:aecadffb
20003f60:dbefc783
20003f70:958f777d
20003f80:3791e2de
20003f90:e599687b
20003fa0:8bf720f1
20003fb0:ab274ace
20003fc0:967d9196
20003fd0:4d7556ed
20003fe0:fe6f9e75
20003ff0:0
20004000:11ab1026
20004010:d6e4f8cc
20004020:f423f9da
20004030:e9e2e46
20004040:871b50cf
20004050:b44972ce
20004060:ff2c2a7e
20004070:a11c16ba
20004080:139df92f
20004090:c63a42ac
200040a0:a764dd01
200040b0:f18af0d3
200040c0:bdf2e4c2
200040d0:1b5452c2
200040e0:d3bcd017
200040f0:3b9a4cdc
20004100:7560297e
20004110:336c761d
20004120:3f75743b
20004130:78c64809
20004140:6ee2295
20004150:7d87057e
20004160:e3c4e36c
20004170:fc1fea07
20004180:c0b0ebed
20004190:33aa1c45
200041a0:e1ef544
200041b0:12bf34e3
200041c0:b2bb7d1a
200041d0:7b85078d
200041e0:aa597d33
200041f0:1d4ca27c
20004200:b33daec1
20004210:c0554aec
20004220:e4b51583
20004230:7b66bb12
20004240:2e06362d
20004250:d08b2cbf
20004260:aa157d1f
20004270:8c6f347f
20004280:fd3bff2e
20004290:dfa506bf
200042a0:2bc6978d
200042b0:dd21ce1b
200042c0:b17262c5
200042d0:79b069fd
200042e0:fc5af27c
200042f0:66e3918a
20004300:1dba5e82
20004310:50d064af
20004320:7c5709b9
20004330:5a01a31e
20004340:e9bc8270
20004350:4ce3d41c
20004360:46d7b345
20004370:d4ffd337
20004380:7cdabb61
20004390:e00dd2d5
200043a0:18fd9d71
200043b0:f677dfc8
200043c0:eabc03df
200043d0:929e6570
200043e0:6dfc3f85
200043f0:af885acb
20004400:3bd251e6
20004410:b6bdeffb
20004420:576e3fa6
20004430:bbec7c84
20004440:50d37be7
20004450:c9595d6c
20004460:df576e5f
20004470:3a60e8f6
20004480:d0392d46
20004490:f566fdfb
200044a0:f44bb4dd
200044b0:b9594a34
200044c0:b2211d5
200044d0:eb4a3fe4
200044e0:bc829e9a
200044f0:1978b792
20004500:140c7814
20004510:5f7f9420
20004520:ea8f2d1f
20004530:de9b3f11
20004540:3371078d
20004550:526ba5dc
20004560:942dbf5a
20004570:e299c755
20004580:1bc5cede
20004590:b4bf1c16
200045a0:d149afe8
200045b0:a5187dff
200045c0:fbabfe24
200045d0:4a9bd588
200045e0:79576268
200045f0:19652a89
20004600:550e1da1
20004610:69952b27
20004620:5c4ac462
20004630:f96daa14
20004640:85c49675
20004650:c74775a1
20004660:670e4b4e
20004670:2575fce0
20004680:b702e17d
20004690:26423161
200046a0:1d84df4b
200046b0:bc54bbd3
200046c0:b815ff38
200046d0:437c7d24
200046e0:8e166178
200046f0:244c0baf
20004700:9324f63b
20004710:f7b24b27
20004720:fbf1b021
20004730:75abb35d
20004740:976a5561
20004750:ae60b081
20004760:c0691ee1
20004770:62928ef4
20004780:8713a3b4
20004790:4b758cf6
200047a0:bbffb2ce
200047b0:7451fe0f
200047c0:ed228175
200047d0:2d2cac2d
200047e0:183e12a2
200047f0:93d46b8f
20004800:ee3b8a8d
20004810:6c8b2eaf
20004820:7cfeedc1
20004830:ca94a7bf
20004840:e697a235
20004850:b9ff2edb
20004860:929a4691
20004870:3647a639
20004880:8e4de9c
20004890:a7d82ac9
200048a0:c903729d
200048b0:de0db1af
200048c0:28d47cf3
200048d0:9a363f93
200048e0:c25d97b1
200048f0:3117b038
20004900:a90b9f23
20004910:4a7a7d59
20004920:9cd269b7
20004930:3f8b06cf
20004940:17fe793e
20004950:2ede5bf7
20004960:b02f051
20004970:28dcb25e
20004980:fa3b57a6
20004990:988cb3be
200049a0:fe7dc16e
200049b0:23cc3f7b
200049c0:16b14646
200049d0:9d8c2343
200049e0:82f06c71
200049f0:9159acf3
20004a00:79a25cba
20004a10:fad72d05
20004a20:de3ca992
20004a30:4d22f29b
20004a40:30346604
20004a50:553e98bb
20004a60:4f1ca783
20004a70:3aa3e58d
20004a80:f7be3287
20004a90:9331281b
20004aa0:45eca526
20004ab0:2c3ee16a
20004ac0:5edc857
20004ad0:b8a0930
20004ae0:cdf5c549
20004af0:f4a87cd4
20004b00:415173c6
20004b10:58b57b16
20004b20:d2c6e934
20004b30:c5fdd3bb
20004b40:475d9d7e
20004b50:8955f8f0
20004b60:865591ed
20004b70:f65c47fb
20004b80:87189a3d
20004b90:29f990f0
20004ba0:d483f871
20004bb0:96ff08a9
20004bc0:293e9292
20004bd0:1a554baa
20004be0:8b3a21dc
20004bf0:acbcb8ce
20004c00:6432678b
20004c10:57ebca5f
20004c20:b4db8963
20004c30:482dbf79
20004c40:a86af1e6
20004c50:c6a66045
20004c60:6824d8e3
20004c70:2cf87d12
20004c80:7ef6db1d
20004c90:5ff7b90a
20004ca0:ce1b35f6
20004cb0:9fd69a94
20004cc0:9c915707
20004cd0:6a1ce1fd
20004ce0:81682e70
20004cf0:eb6a0fa0
20004d00:f3ec399f
20004d10:eafa7e47
20004d20:9a1d67d6
20004d30:613f1845
20004d40:7b94903f
20004d50:64d29941
20004d60:1575be7c
20004d70:d3075a84
20004d80:6eb3fa3f
20004d90:97b4cd88
20004da0:47e129fd
20004db0:70aa027a
20004dc0:18d6c753
20004dd0:140c47f6
20004de0:c4c1732b
20004df0:3933c02f
20004e00:eb781f2a
20004e10:f649cc63
20004e20:779d862d
20004e30:bf742d62
20004e40:417feb43
20004e50:10ff6eff
20004e60:de79ba79
20004e70:2a719267
20004e80:f76e1ae6
20004e90:c86acc38
20004ea0:90d71ee8
20004eb0:a2dce6e
20004ec0:4250b314
20004ed0:237b9165
20004ee0:121af093
20004ef0:82615234
20004f00:f6e2abb9
20004f10:6dc2d462
20004f20:1854d22d
20004f30:9a49485d
20004f40:525a613c
20004f50:6143e501
20004f60:db1383f5
20004f70:f171e7e7
20004f80:4a63f730
20004f90:9eafb67e
20004fa0:bfeba1b3
20004fb0:eb55ca2f
20004fc0:a7464e7c
20004fd0:5f262fd0
20004fe0:4cc53b6e
20004ff0:f419f0f5
20005000:cb94fb3b
20005010:cf5c54b5
20005020:5f16396e
20005030:adb54d5c
20005040:213771d5
20005050:b5e7d31e
20005060:42a5d5c7
20005070:f5a06a9c
20005080:f3d4b20a
20005090:37f1bedb
200050a0:d4083e20
200050b0:db14ea81
200050c0:99eba007
200050d0:4f828790
200050e0:d2cb5d63
200050f0:c191c7ec
20005100:72e1ed2a
20005110:b4df9deb
20005120:6c5d5c60
20005130:f14e4725
20005140:af840f5a
20005150:75359244
20005160:75916376
20005170:5ed949a7
20005180:8d56c467
20005190:6cfdb5a6
200051a0:59841ffb
200051b0:6ea5d406
200051c0:69795d29
200051d0:d4b69a7c
200051e0:3721ed83
200051f0:23291ab9
20005200:3f03df1a
20005210:afb279e7
20005220:e403f33f
20005230:2e5705af
20005240:32c0da6c
20005250:eec96a2a
20005260:b9d94646
20005270:11916cdb
20005280:ff8027ae
20005290:aff5edb5
200052a0:3ed5ff32
200052b0:823ecfea
200052c0:ec9ea298
200052d0:58241e35
200052e0:765b1e73
200052f0:5f1b7dbe
20005300:f4ab1542
20005310:b753ce44
20005320:f85b9bc7
20005330:5eacdfdd
20005340:9f9e9cb1
20005350:7a8971e2
20005360:367169e9
20005370:d6a0235b
20005380:e1af48a4
20005390:327fa2b7
200053a0:5cd979d6
200053b0:aeddd552
200053c0:4035afcb
200053d0:1eb42721
200053e0:6b8cdef1
200053f0:dfd8e0b2
20005400:eaa87dd4
20005410:cf1cef26
20005420:2f062b06
20005430:ee7dfd93
20005440:44a1b64f
20005450:da698470
20005460:ed729702
20005470:9d0331d9
20005480:ab8efeb0
20005490:85bf843a
200054a0:f446da40
200054b0:26771755
200054c0:79bbe20c
200054d0:2c41d4bb
200054e0:873e926c
200054f0:95f0e4a3
20005500:6143d549
20005510:5b967c7
20005520:f1db2a5c
20005530:52c9bc1
20005540:85f50643
20005550:c16d9171
20005560:c1d6827c
20005570:d0206833
20005580:c29b5ebb
20005590:bb568489
200055a0:77204f17
200055b0:a3d34c88
200055c0:9ab853a
200055d0:49a7ad58
200055e0:5d9d8c7b
200055f0:44757377
20005600:739901d
20005610:f75e35f
20005620:604ad71d
20005630:1bb0f790
20005640:98f78bac
20005650:83513857
20005660:7e3cff3a
20005670:dbcec8cd
20005680:50677ac2
20005690:fd6b489d
200056a0:1d6db5de
200056b0:c5ec6a69
200056c0:571763dc
200056d0:2ae4d9ca
200056e0:3e0e01bb
200056f0:63850f1
20005700:d970673c
20005710:e3f4fe81
20005720:b76df5b3
20005730:10a25903
20005740:5dc16855
20005750:5e1c697c
20005760:1655d714
20005770:8145ce11
20005780:14d7299f
20005790:f7b0119e
200057a0:21c84a8d
200057b0:ed13cf69
200057c0:14e95f18
200057d0:77d1c3a7
200057e0:97e0e8dc
200057f0:d7e3b01d
20005800:97c6a5d3
20005810:9fd6922e
20005820:eb1a928b
20005830:b749cd0c
20005840:28e1fda
20005850:517e77
20005860:1d0aa0da
20005870:3e517b25
20005880:7a49034a
20005890:6f76974b
200058a0:18e90683
200058b0:d74675e5
200058c0:745e42de
200058d0:5d6788f1
200058e0:40145008
200058f0:29a8b7e0
20005900:a5f632e2
20005910:ff9ffd97
20005920:cb569f05
20005930:f9c369e9
20005940:1f0fcbde
20005950:d09d547
20005960:873de3ac
20005970:ffddef55
20005980:d7a31329
20005990:eec87d9c
200059a0:779e72c5
200059b0:a1e7ddc9
200059c0:8c56bf6d
200059d0:a4fae72c
200059e0:beb95cfd
200059f0:632be899
20005a00:33348c44
20005a10:324fdae
20005a20:dd96abdf
20005a30:a633769
20005a40:cbfd6f33
20005a50:2a3b929b
20005a60:b9d8204c
20005a70:f9a5315e
20005a80:244f72a2
20005a90:7586ea0a
20005aa0:889cb275
20005ab0:df8c2ed9
20005ac0:813e6180
20005ad0:148f6214
20005ae0:e58cbec9
20005af0:df6ac037
20005b00:f3138b75
20005b10:92ed3bcf
20005b20:7e9741e9
20005b30:b9fac1d3
20005b40:f9177d61
20005b50:c0258771
20005b60:aa10bdb
20005b70:21307542
20005b80:fcdcdf80
20005b90:cb4d3ff7
20005ba0:87282bdf
20005bb0:5c7bf60f
20005bc0:d764cfa0
20005bd0:5b262ca8
20005be0:a27d19ac
20005bf0:6adb03db
20005c00:e2439a0b
20005c10:cf21cdf9
20005c20:c29bdbe1
20005c30:6c8549a1
20005c40:2a499cc
20005c50:5e584496
20005c60:49ee8406
20005c70:5ffb4480
20005c80:4ebffeb5
20005c90:dfe997c8
20005ca0:d7defff9
20005cb0:a5e95113
20005cc0:aefb96b3
20005cd0:59b48c5b
20005ce0:c4147fa4
20005cf0:31449cf7
20005d00:c965f1bd
20005d10:92f622be
20005d20:16bfd29c
20005d30:be0be8bb
20005d40:de0d5ed7
20005d50:360dda67
20005d60:e09be2f4
20005d70:75692cf7
20005d80:a9d0bd72
20005d90:b26ecb18
20005da0:553fcabf
20005db0:1731f3d5
20005dc0:f7bbb115
20005dd0:36f369a4
20005de0:7b2ce57
20005df0:5fda037f
20005e00:5adee76e
20005e10:3ee39b3b
20005e20:1d51a61d
20005e30:697daa3
20005e40:e7787ebf
20005e50:29feaf16
20005e60:fdd2c222
20005e70:aa3ecba8
20005e80:3ff44efe
20005e90:e29dbdc9
20005ea0:f52fff27
20005eb0:172bf744
20005ec0:2da0deaa
20005ed0:a1d4bbcd
20005ee0:9b3db7c7
20005ef0:49c8db92
20005f00:a59c1209
20005f10:c78fc5cb
20005f20:f95919fc
20005f30:eb27ca97
20005f40:fa9e2d7d
20005f50:e67ef8d0
20005f60:ae186d00
20005f70:71b10750
20005f80:2b9893e4
20005f90:b9aa3592
20005fa0:5bf573d7
20005fb0:c72df45c
20005fc0:93d3b543
20005fd0:36731ada
20005fe0:214046b6
20005ff0:c1676e6e
20006000:46d69ed5
20006010:6f17777
20006020:5c1777fc
20006030:9fb52bec
20006040:8a3977f7
20006050:41d67bd7
20006060:cccf736a
20006070:540de6cc
20006080:16f7fdf3
20006090:61772bd
200060a0:2a8ecc22
200060b0:e1a5eb92
200060c0:88ce4fc
200060d0:7abae360
200060e0:2af068d2
200060f0:5091b682
20006100:3269d85b
20006110:17a47a39
20006120:a3ee7d2c
20006130:7b963062
20006140:eeb35577
20006150:64afe3e9
20006160:ef2ffa7f
20006170:1434c35d
20006180:6bee6353
20006190:47e2db24
200061a0:87585e52
200061b0:d431651b
200061c0:3bb5e000
200061d0:acd32df5
200061e0:1f3ba5ac
200061f0:b728cf53
20006200:ceda2c54
20006210:f6c07325
20006220:fa389e42
20006230:a8f90b5
20006240:9b2e8fe2
20006250:b3b173a
20006260:73f95398
20006270:71f24f1c
20006280:d544c368
20006290:b76faf20
200062a0:ee3e1631
200062b0:8a446221
200062c0:7515faa7
200062d0:db8c26d5
200062e0:ff673738
200062f0:f6ee87c6
20006300:94f78c73
20006310:7c94477d
20006320:adcf5dee
20006330:cff1cb8e
20006340:943d94aa
20006350:5fb79a5a
20006360:f23c1c33
20006370:343458f4
20006380:433269ba
20006390:7dcf3a61
200063a0:8665ccf
200063b0:7c67aa6a
200063c0:49bc7e0e
200063d0:fa6b9726
200063e0:a1515b3d
200063f0:ae753972
20006400:3daff1ea
20006410:7a40e027
20006420:f653963c
20006430:1feffb0c
20006440:9f569beb
20006450:a1853560
20006460:6020af33
20006470:f3dbb29
20006480:5404d8f6
20006490:4b485b0
200064a0:f1d11a77
200064b0:e1f8071b
200064c0:3581c14d
200064d0:2efb80eb
200064e0:8936884b
200064f0:2daa5ca9
20006500:e807c4ad
20006510:1678dbf9
20006520:6c1c332d
20006530:6d7750e7
20006540:420dcc55
20006550:7aefed87
20006560:4472996f
20006570:845a74be
20006580:2b43c455
20006590:f991a82d
200065a0:7623ac64
200065b0:3519672b
200065c0:fa00eb3b
200065d0:58b23716
200065e0:39a81dd5
200065f0:3b97754f
20006600:8426e37e
20006610:8220626
20006620:d066aa45
20006630:6782d38c
20006640:2962cf75
20006650:76049f20
20006660:3c37ec38
20006670:53276fd8
20006680:b53ec84d
20006690:f0187281
200066a0:33fdb22a
200066b0:441e567b
200066c0:5c272ffa
200066d0:f9fe5365
200066e0:51e7d137
200066f0:7a575a77
20006700:3a258720
20006710:38f06312
20006720:a2e93f5d
20006730:333bed55
20006740:56a253f8
20006750:9b33e1c1
20006760:f8806625
20006770:e7cf3b55
20006780:70a32d2c
20006790:b18ed14
200067a0:b9fac5dd
200067b0:b793f859
200067c0:ef5da2fb
200067d0:ba5bcf44
200067e0:fb267fc6
200067f0:bebb15dc
20006800:9ffdf292
20006810:d867f1cd
20006820:556fed2b
20006830:b226199c
20006840:8bd98e72
20006850:fdc8def5
20006860:a09179dd
20006870:b1443115
20006880:839ed59d
20006890:e42117ac
200068a0:2f91e185
200068b0:52df3ac7
200068c0:bdbd6bfe
200068d0:67a28265
200068e0:535d87c8
200068f0:e13f3c37
20006900:ecd076e5
20006910:6e09c079
20006920:7d9b4de3
20006930:42baaec
20006940:fa76dff7
20006950:bcdc853e
20006960:cca4cb62
20006970:2e1773df
20006980:a422ed96
20006990:90c0ee78
200069a0:56e572b9
200069b0:2fd432cb
200069c0:f15b3ba4
200069d0:689a9781
200069e0:2d43e26f
200069f0:fc20a81e
20006a00:96dcfaab
20006a10:23458f00
20006a20:8e556833
20006a30:f41fef3f
20006a40:d2a8fdac
20006a50:bd486ef1
20006a60:76fefce9
20006a70:c0f2bbcf
20006a80:3932167d
20006a90:a1f1c37e
20006aa0:2d3a66ce
20006ab0:949ebf53
20006ac0:8ea5bfe1
20006ad0:f7672753
20006ae0:1978f077
20006af0:cf17d7b6
20006b00:ddf3532d
20006b10:ce7c75c6
20006b20:19787c0d
20006b30:6d7d26d4
20006b40:6d0a7ab7
20006b50:c9766745
20006b60:86874da1
20006b70:4d28b1af
20006b80:fecaabf8
20006b90:4f958c7f
20006ba0:ee67e4ff
20006bb0:50bc0f0e
20006bc0:3d04f8d7
20006bd0:72703675
20006be0:a29d3721
20006bf0:e964689c
20006c00:eb60bf7f
20006c10:59f3def2
20006c20:97583aa0
20006c30:fb4ef5d5
20006c40:7e93fcfb
20006c50:f644f794
20006c60:a71f51a6
20006c70:bad57196
20006c80:eda3dca3
20006c90:75de8b3c
20006ca0:945a65c
20006cb0:b0381197
20006cc0:cd61ccb3
20006cd0:7ba30936
20006ce0:c768bb7b
20006cf0:81f10dfd
20006d00:2c2811c8
20006d10:904fffca
20006d20:becdb379
20006d30:8454a9b3
20006d40:ade91178
20006d50:fd528876
20006d60:39e48292
20006d70:5b2066ce
20006d80:3e4d9683
20006d90:72f4cac9
20006da0:d57aea50
20006db0:95c66386
20006dc0:e02ebcc7
20006dd0:fcbef3e7
20006de0:2137edb3
20006df0:4ed9219e
20006e00:91abb1b6
20006e10:a91c1e96
20006e20:baca010d
20006e30:40f7e096
20006e40:fd58f00
20006e50:c198f89a
20006e60:fde91048
20006e70:ed036539
20006e80:b8120813
20006e90:27d44608
20006ea0:7ca8ecf2
20006eb0:74639bee
20006ec0:fa224e72
20006ed0:5a07701f
20006ee0:1f75cb3
20006ef0:6e819089
20006f00:ce8e6673
20006f10:77dbb65f
20006f20:815f4986
20006f30:4e4d0cd6
20006f40:dc19362a
20006f50:dad9c35c
20006f60:1f137a33
20006f70:7b397a05
20006f80:896a897c
20006f90:51f9dbd5
20006fa0:5ebf7954
20006fb0:5699572c
20006fc0:d95bd7e5
20006fd0:a3c84313
20006fe0:3d87c069
20006ff0:8be65dab
20007000:8fe216d8
20007010:50f90944
20007020:427370b9
20007030:79958944
20007040:2aa7814b
20007050:9bf55bbf
20007060:3e71b79a
20007070:c0dcdef3
20007080:7a46fdcb
20007090:1affff39
200070a0:f6a105e
200070b0:5a366fbe
200070c0:a8b89d97
200070d0:6a4f91f0
200070e0:64ad7def
200070f0:d31672a2
20007100:75016833
20007110:f9282ec5
20007120:8d64286c
20007130:2db1d01f
20007140:fc47e5ba
20007150:bfa2efd3
20007160:a0fa7781
20007170:753833a6
20007180:efc0e7ac
20007190:5fbf43c
200071a0:2b5e9924
200071b0:e287741
200071c0:dbd6cadc
200071d0:e5f72be5
200071e0:936b5dd6
200071f0:f08469ef
20007200:b4e0532f
20007210:31770bbf
20007220:b36df653
20007230:71c5e0e
20007240:6eed9e9f
20007250:d041abfb
20007260:ebdb474d
20007270:49859bbf
20007280:3fa77e7b
20007290:2a21e0b9
200072a0:b7380e36
200072b0:60e6d487
200072c0:fce1931c
200072d0:fe21df8b
200072e0:6b967bd7
200072f0:1726e2b
20007300:c0efa43b
20007310:6dbcb3f3
20007320:3d7ec8af
20007330:40f00800
20007340:73e32b89
20007350:67929897
20007360:d321f055
20007370:8cc12db1
20007380:4f6ba8e2
20007390:a53e6e86
200073a0:4f7198f0
200073b0:21cc3479
200073c0:fa7b4278
200073d0:56f8e69d
200073e0:a77ad663
200073f0:66e64a09
20007400:5546593b
20007410:2dd38ef4
20007420:e42b0139
20007430:87bfd3b4
20007440:b8caa198
20007450:ee564c3c
20007460:a3f2a703
20007470:23c37da3
20007480:e0676822
20007490:fb0b6f81
200074a0:4bb8125c
200074b0:4369d7d1
200074c0:ffca436a
200074d0:aabe7f2c
200074e0:4790f76
200074f0:548f07d4
20007500:b1212b5d
20007510:77bc6f84
20007520:c97214f9
20007530:6725190
20007540:c79d9e57
20007550:c5f18ba7
20007560:9a0dc7f9
20007570:b70cd839
20007580:4fb56aff
20007590:58f78101
200075a0:99e44dc6
200075b0:ceef9d7d
200075c0:4ed89bae
200075d0:9eebaee7
200075e0:2a959dae
200075f0:b26f8c89
20007600:2f1178ff
20007610:71f3743c
20007620:5810bde0
20007630:12ca2961
20007640:b22b6f86
20007650:d5fe85db
20007660:ff5e9df1
20007670:7c2167f8
20007680:e1841154
20007690:5a9e9139
200076a0:5e604d69
200076b0:1e8c05c3
200076c0:ccc9a83
200076d0:8255ed89
200076e0:f448147c
200076f0:b4ed4b56
20007700:57e48c73
20007710:ba043d4c
20007720:2ff8b7cf
20007730:9695068d
20007740:d740e4c8
20007750:5fd66f19
20007760:d797bfb0
20007770:aa0acbc1
20007780:2fc05f7c
20007790:903725e6
200077a0:b7036bf1
200077b0:429814e4
200077c0:7b1ca3c9
200077d0:2190469c
200077e0:3f5d981e
200077f0:f347cfa4
20007800:1ec5a491
20007810:e01ce63b
20007820:abfabe80
20007830:bc023c21
20007840:36e95bff
20007850:cfd13b97
20007860:4360bfa6
20007870:ea26462d
20007880:169246fa
20007890:fe062a0
200078a0:66d245d
200078b0:a7cc365c
200078c0:ccec807c
200078d0:3e8b9bac
200078e0:6a6dde5d
200078f0:fa8c07d3
20007900:a9912ff6
20007910:9a9d1d21
20007920:ea60ac5e
20007930:c5c6b852
20007940:c2fe6b7d
20007950:c70d5e9d
20007960:7f757b05
20007970:93efb72b
20007980:4fc872c4
20007990:f5f6f2ec
200079a0:e1a543fa
200079b0:b9aae7db
200079c0:392f1d9f
200079d0:6378dfba
200079e0:fc747584
200079f0:fde9a52c
20007a00:9d10f88d
20007a10:797813f6
20007a20:8ec5fae0
20007a30:d4722e38
20007a40:71efb582
20007a50:6d91abf
20007a60:8affe87d
20007a70:6ec5ac72
20007a80:a4cd7751
20007a90:4cc2b1a0
20007aa0:2036956c
20007ab0:abc292f7
20007ac0:f7830c83
20007ad0:43be5e69
20007ae0:2b3fd0ed
20007af0:7747a53a
20007b00:c69afc8e
20007b10:9cab8679
20007b20:c2e6e49b
20007b30:b4da2088
20007b40:e00d2231
20007b50:55265fe2
20007b60:9cd164dc
20007b70:6fc78f16
20007b80:a9f64409
20007b90:59f77245
20007ba0:7a08f485
20007bb0:38492102
20007bc0:23b50771
20007bd0:733efafd
20007be0:b54a6d05
20007bf0:a640fad
20007c00:86af78bf
20007c10:fb3d0931
20007c20:1f3b41f4
20007c30:3fe51dd8
20007c40:a6eb6014
20007c50:25fdccf3
20007c60:98b228b0
20007c70:a0ab99b6
20007c80:2c8f136f
20007c90:690123a1
20007ca0:6b55d329
20007cb0:d5c2d852
20007cc0:3a0a345d
20007cd0:f7702a5f
20007ce0:ddc0deea
20007cf0:5214df63
20007d00:c8083f0b
20007d10:55fdafb1
20007d20:b862ea9a
20007d30:e5819bc1
20007d40:fb671aaf
20007d50:bbfac8af
20007d60:6eb1788c
20007d70:f525daf5
20007d80:a85e84bb
20007d90:f4f037b7
20007da0:3125474f
20007db0:9b7d9a5a
20007dc0:63df506d
20007dd0:642ad5da
20007de0:f3bc7f02
20007df0:fe93b6e8
20007e00:b912bfbb
20007e10:bd4df557
20007e20:cdbc4e0f
20007e30:a3819d5d
20007e40:3ce74479
20007e50:e98a2fc2
20007e60:da3da5be
20007e70:8684498e
20007e80:87f4146f
20007e90:6061d8da
20007ea0:3dcd3f45
20007eb0:5e74c68a
20007ec0:9dee79a3
20007ed0:8d3001fe
20007ee0:3c17ad0
20007ef0:a95fdb71
20007f00:8dc78651
20007f10:9dd0cb2e
20007f20:e0d56b04
20007f30:740f2e30
20007f40:b1ce1ed4
20007f50:bf5c8f4b
20007f60:8ebf64ec
20007f70:d3fc91e7
20007f80:d0354fd2
20007f90:2d2e7872
20007fa0:fc951818
20007fb0:40cd4f6f
20007fc0:ffffffff
20007fd0:ffffffff
20007fe0:ffffffff
20007ff0:0
