20000000:20002190
20000010:20000801
20000020:0
20000030:0
20000040:4b4cb5f8
20000050:4b4c601d
20000060:4c4ad1f8
20000070:3d01d004
20000080:681b7280
20000090:8c2078a2
200000a0:f64a7861
200000b0:89a16051
200000c0:62910989
200000d0:2124359
200000e0:2090989
200000f0:ea427a22
20000100:601a4b29
20000110:43028b62
20000120:f5a26091
20000130:4d216029
20000140:42d481f
20000150:2505ea40
20000160:502af894
20000170:bdf86013
20000180:2000199c
20000190:10
200001a0:10
200001b0:400ae270
200001c0:0
200001d0:0
200001e0:4dc
200001f0:0
20000200:4000c000
20000210:c00fe20c
20000220:c00fe214
20000230:c00fe21c
20000240:c00fe404
20000250:c00fe40c
20000260:c00fe414
20000270:c00fe41c
20000280:c00fdd84
20000290:c00fdd00
200002a0:c00fdd08
200002b0:c00fdd10
200002c0:c00feec4
200002d0:c00fef08
200002e0:c00fef44
200002f0:c00fef5c
20000300:ffffffff
20000310:ffffffff
20000320:ffffffff
20000330:ffffffff
20000340:ffffffff
20000350:ffffffff
20000360:ffffffff
20000370:ffffffff
20000380:80000aa4
20000390:ffffffff
200003a0:ffffffff
200003b0:ffffffff
200003c0:2038004
200003d0:0
200003e0:ffffffff
200003f0:2
20000400:ffffffff
20000410:ffffffff
20000420:ffffffff
20000430:ffffffff
20000440:ffffffff
20000450:ffffffff
20000460:ffffffff
20000470:ffffffff
20000480:ffffffff
20000490:ffffffff
200004a0:ffffffff
200004b0:ffffffff
200004c0:ffffffff
200004d0:ffffffff
200004e0:ffffffff
200004f0:ffffffff
20000500:ffffffff
20000510:ffffffff
20000520:ffffffff
20000530:ffffffff
20000540:ffffffff
20000550:ffffffff
20000560:ffffffff
20000570:ffffffff
20000580:ffffffff
20000590:ffffffff
200005a0:ffffffff
200005b0:ffffffff
200005c0:ffffffff
200005d0:ffffffff
200005e0:ffffffff
200005f0:ffffffff
20000600:ffffffff
20000610:ffffffff
20000620:ffffffff
20000630:ffffffff
20000640:ffffffff
20000650:ffffffff
20000660:ffffffff
20000670:ffffffff
20000680:ffffffff
20000690:ffffffff
200006a0:ffffffff
200006b0:ffffffff
200006c0:ffffffff
200006d0:ffffffff
200006e0:ffffffff
200006f0:ffffffff
20000700:ffffffff
20000710:ffffffff
20000720:ffffffff
20000730:ffffffff
20000740:ffffffff
20000750:ffffffff
20000760:ffffffff
20000770:ffffffff
20000780:ffffffff
20000790:ffffffff
200007a0:ffffffff
200007b0:ffffffff
200007c0:ffffffff
200007d0:ffffffff
200007e0:ffffffff
200007f0:ffffffff
20000800:2300e7fe
20000810:5015f830
20000820:eb01b298
20000830:eb014313
20000840:681a4b09
20000850:60536013
20000860:e7fe601a
20000870:400fe1d0
20000880:681bbf18
20000890:c9b0483
200008a0:2b1fd104
200008b0:d1fd3801
200008c0:7200f442
200008d0:f442681a
200008e0:f8436819
200008f0:2a0a020f
20000900:f84340c0
20000910:f022627e
20000920:f0426f80
20000930:72fef640
20000940:601a0201
20000950:f8c32230
20000960:6810461a
20000970:7080f04f
20000980:22014b16
20000990:681a601a
200009a0:681a4b06
200009b0:601a7200
200009c0:400ae26c
200009d0:400ae030
200009e0:400ae20c
200009f0:601a7200
20000a00:7200f442
20000a10:33a84a2a
20000a20:22014b27
20000a30:615d4b24
20000a40:2244f8c3
20000a50:601a0201
20000a60:f8c32202
20000a70:6811461a
20000a80:7180f04f
20000a90:f002681a
20000aa0:601a7200
20000ab0:400fdfb0
20000ac0:400ae050
20000ad0:400ae2b4
20000ae0:b08b485f
20000af0:68194d5d
20000b00:601a2255
20000b10:92059160
20000b20:b91e2002
20000b30:20022313
20000b40:6823602b
20000b50:9a016823
20000b60:4698bf38
20000b70:2002fe9f
20000b80:3601602b
20000b90:d1c32e02
20000ba0:1cb0f843
20000bb0:9b091c9c
20000bc0:f64fe048
20000bd0:46285f04
20000be0:d00b4f60
20000bf0:4f60f1b5
20000c00:e000465e
20000c10:73fff64f
20000c20:f8580888
20000c30:f8560686
20000c40:5205580
20000c50:fec8f7ff
20000c60:400ae050
20000c70:1010008
20000c80:681a9204
20000c90:20024ba1
20000ca0:fe06f7ff
20000cb0:46289401
20000cc0:46069401
20000cd0:f7ff2101
20000ce0:f8dfb248
20000cf0:c18f105
20000d00:5010f500
20000d10:f7ff4448
20000d20:9b00fdb7
20000d30:f113d003
20000d40:4f60f1b2
20000d50:4888ea4f
20000d60:8008f8cd
20000d70:4370f008
20000d80:ea4fb1d8
20000d90:f0088034
20000da0:2800fd77
20000db0:f1b882a5
20000dc0:f85c466b
20000dd0:d11e4f60
20000de0:f7ff4638
20000df0:d10e07ff
20000e00:429f5380
20000e10:f1054644
20000e20:429a5380
20000e30:827af000
20000e40:9b0c9a0d
20000e50:f84c4668
20000e60:f84c466b
20000e70:9c0cd139
20000e80:f004d015
20000e90:fcfef7ff
20000ea0:f0800401
20000eb0:4f60f1b4
20000ec0:4370f004
20000ed0:4f60f1b4
20000ee0:e0004644
20000ef0:8030f8dd
20000f00:fcc6f7ff
20000f10:400fdfb0
20000f20:21027fc
20000f30:f1b84604
20000f40:f000429a
20000f50:f00f1b8
20000f60:5010f500
20000f70:44484160
20000f80:d1100fe0
20000f90:f7ff4160
20000fa0:4160f04f
20000fb0:d1054598
20000fc0:f0ff1b8
20000fd0:43d90308
20000fe0:1111ea42
20000ff0:fcf8f7ff
20001000:f0480801
20001010:e01b1111
20001020:4170f003
20001030:d10e4f60
20001040:43d24070
20001050:4b6dfcc9
20001060:350418eb
20001070:f10b0aa8
20001080:46422301
20001090:d17a2b00
200010a0:8fef24e
200010b0:46e90a18
200010c0:d1014541
200010d0:25014611
200010e0:f103e009
200010f0:f04f4611
20001100:d1232906
20001110:c008f8dd
20001120:d80342a6
20001130:101f109
20001140:e0d2d123
20001150:c18f103
20001160:2b182201
20001170:9a0380bc
20001180:303c0240
20001190:43f1fb93
200011a0:701f024
200011b0:ea4f026d
200011c0:46280801
200011d0:f7ff5180
200011e0:43d12300
200011f0:4a0bd118
20001200:e0110b0f
20001210:20007ff0
20001220:20b0008
20001230:f1044b48
20001240:cf104
20001250:18eb0010
20001260:301f006
20001270:7cfff64f
20001280:4613e000
20001290:1303eb06
200012a0:d1ee2a07
200012b0:429c3454
200012c0:af7ff47f
200012d0:37014824
200012e0:1111ea43
200012f0:4b1f601a
20001300:463c2701
20001310:27ffe554
20001320:46690218
20001330:300cf840
20001340:e5d05053
20001350:e5f8300c
20001360:f00024a8
20001370:400fd0fc
20001380:2b04f840
20001390:3301681b
200013a0:7166f44f
200013b0:60236825
200013c0:3cf8f842
200013d0:200002b8
200013e0:20002000
200013f0:400fef34
20001400:400fef3c
20001410:c00fdf50
20001420:c00fe004
20001430:400ae030
20001440:400ae050
20001450:400ae050
20001460:400ae27c
20001470:400ae2c4
20001480:400ae2cc
20001490:400ae2d4
200014a0:400ae2dc
200014b0:400fe608
200014c0:400fefb4
200014d0:400fe63c
200014e0:400fe63c
200014f0:40038fc0
20001500:400fe638
20001510:40084fc0
20001520:400fe648
20001530:400fe648
20001540:40028fc0
20001550:400fe640
20001560:40050fc0
20001570:400fe008
20001580:400fe014
20001590:400fe01c
200015a0:400fe024
200015b0:400fe02c
200015c0:400fe110
200015d0:400fe14c
200015e0:400fe1b0
200015f0:400fe1c0
20001600:400fe320
20001610:400fe348
20001620:400fe354
20001630:400fed00
20001640:400fed08
20001650:400fed10
20001660:400fed18
20001670:400fed20
20001680:400fed28
20001690:400fed30
200016a0:400fed38
200016b0:400fed40
200016c0:400fed48
200016d0:400fed50
200016e0:400fed58
200016f0:400fed60
20001700:400fee04
20001710:400fee0c
20001720:400fee14
20001730:400fee1c
20001740:400fee44
20001750:400fee4c
20001760:400feeec
20001770:400fef4c
20001780:ffffffff
20001790:ffffffff
200017a0:ffffffff
200017b0:ffffffff
200017c0:ffffffff
200017d0:ffffffff
200017e0:ffffffff
200017f0:11de784a
20001800:0
20001810:0
20001820:0
20001830:922e5b9
20001840:c6e65ab
20001850:0
20001860:0
20001870:0
20001880:0
20001890:0
200018a0:0
200018b0:0
200018c0:0
200018d0:0
200018e0:0
200018f0:0
20001900:0
20001910:0
20001920:0
20001930:0
20001940:ffffffff
20001950:1001f8
20001960:77172702
20001970:22222a2a
20001980:1180020
20001990:1390178
200019a0:ffffffff
200019b0:8b496348
200019c0:1ffff
200019d0:ffffffff
200019e0:ffffffff
200019f0:ffffffff
20001a00:ffff
20001a10:ffff
20001a20:ffff
20001a30:ffff
20001a40:ffff
20001a50:ffffffff
20001a60:ffffffff
20001a70:ffffffff
20001a80:ffffffff
20001a90:ffffffff
20001aa0:ffffffff
20001ab0:ffffffff
20001ac0:ffffffff
20001ad0:ffffffff
20001ae0:ffffffff
20001af0:ffffffff
20001b00:ffffffff
20001b10:2038004
20001b20:0
20001b30:ffffffff
20001b40:2
20001b50:ffffffff
20001b60:ffffffff
20001b70:ffffffff
20001b80:ffffffff
20001b90:ffffffff
20001ba0:ffffffff
20001bb0:ffffffff
20001bc0:ffffffff
20001bd0:ffffffff
20001be0:ffffffff
20001bf0:12345678
20001c00:ffffffff
20001c10:ffffffff
20001c20:ffffffff
20001c30:ffffffff
20001c40:ffffffff
20001c50:ffffffff
20001c60:ffffffff
20001c70:ffffffff
20001c80:ffffffff
20001c90:ffffffff
20001ca0:ffffffff
20001cb0:ffffffff
20001cc0:ffffffff
20001cd0:ffffffff
20001ce0:ffffffff
20001cf0:ffffffff
20001d00:ffffffff
20001d10:ffffffff
20001d20:ffffffff
20001d30:ffffffff
20001d40:ffffffff
20001d50:ffffffff
20001d60:ffffffff
20001d70:ffffffff
20001d80:ffffffff
20001d90:ffffffff
20001da0:ffffffff
20001db0:ffffffff
20001dc0:ffffffff
20001dd0:ffffffff
20001de0:ffffffff
20001df0:ffffffff
20001e00:ffffffff
20001e10:ffffffff
20001e20:ffffffff
20001e30:ffffffff
20001e40:ffffffff
20001e50:ffffffff
20001e60:ffffffff
20001e70:ffffffff
20001e80:ffffffff
20001e90:ffffffff
20001ea0:ffffffff
20001eb0:ffffffff
20001ec0:ffffffff
20001ed0:ffffffff
20001ee0:ffffffff
20001ef0:ffffffff
20001f00:ffffffff
20001f10:ffffffff
20001f20:ffffffff
20001f30:ffffffff
20001f40:ffffffff
20001f50:ffffffff
20001f60:ffffffff
20001f70:ffffffff
20001f80:ffffffff
20001f90:ffffffff
20001fa0:ffffffff
20001fb0:ffffffff
20001fc0:ffffffff
20001fd0:ffffffff
20001fe0:ffffffff
20001ff0:ffffffff
20002000:0
20002010:0
20002020:0
20002030:0
20002040:0
20002050:0
20002060:0
20002070:0
20002080:0
20002090:0
200020a0:0
200020b0:0
200020c0:0
200020d0:0
200020e0:0
200020f0:0
20002100:ffffffff
20002110:14
20002120:348
20002130:ffffffff
20002140:ffffffff
20002150:fff
20002160:ffffffff
20002170:7f
20002180:0
20002190:b57d44ec
200021a0:84c09fbc
200021b0:3f7c3147
200021c0:a5d364ba
200021d0:744de736
200021e0:e9835bdc
200021f0:60f81ff7
20002200:1ba4000f
20002210:bf8cd0ee
20002220:f6982c23
20002230:169ffdf3
20002240:ca93c725
20002250:fe513029
20002260:e455c2a1
20002270:779aa3ed
20002280:99bd9b88
20002290:f72b15f0
200022a0:98c82110
200022b0:fb830666
200022c0:d89765ad
200022d0:562e6427
200022e0:b4459ddb
200022f0:f8d146fc
20002300:e8cb22cf
20002310:bee8f388
20002320:70ffbca9
20002330:560ad43
20002340:3b3ee31d
20002350:969ddc4b
20002360:55f3f88f
20002370:5cec6c5a
20002380:96f95564
20002390:8030da9a
200023a0:9723e236
200023b0:b8c89887
200023c0:596da45d
200023d0:723d18b9
200023e0:63bf39dc
200023f0:fb2507c6
20002400:241fe669
20002410:bbd25860
20002420:f9b22b4d
20002430:a8cfac7d
20002440:514beb37
20002450:8f4df23e
20002460:4f8a6b72
20002470:5b8c1dd6
20002480:18bedd92
20002490:df2b21cc
200024a0:43953dcf
200024b0:70a903d
200024c0:db5b9ffa
200024d0:ae5b7f48
200024e0:96c1b6e3
200024f0:62fcb365
20002500:953a93e4
20002510:6bf2753d
20002520:fda6a484
20002530:8add4cb9
20002540:c85a48fc
20002550:efae7713
20002560:728cfab3
20002570:125e3115
20002580:62764caf
20002590:492ac832
200025a0:a5cc965f
200025b0:ca2180
200025c0:2e59ca1
200025d0:52ce7dad
200025e0:57c7a5f9
200025f0:9c857fd6
20002600:20f7cbd6
20002610:4dc430ca
20002620:1661ded6
20002630:8fedff79
20002640:dba4e516
20002650:57a7060a
20002660:f775cc38
20002670:689f19da
20002680:77f558ce
20002690:8a9a0f06
200026a0:990477a
200026b0:80ca7e7a
200026c0:72727289
200026d0:fb2e6a55
200026e0:46d651ca
200026f0:57a23eee
20002700:344e2214
20002710:8df04dc8
20002720:aa541e6f
20002730:1bfbee5d
20002740:21e1da9f
20002750:19b7fbcd
20002760:a4bb2ddf
20002770:fd0a7da7
20002780:922c7069
20002790:3df1b6e9
200027a0:3aee60d0
200027b0:ce11c60f
200027c0:57935b7b
200027d0:80a89712
200027e0:148efd2f
200027f0:6bf1de13
20002800:f1ff8b9c
20002810:69cd1b21
20002820:32399a13
20002830:dcbf16b8
20002840:fd6a2d69
20002850:71dacb74
20002860:5b0b26af
20002870:d5b8d587
20002880:db58cc32
20002890:de1f299
200028a0:804240e4
200028b0:1a4238a8
200028c0:fa5c6249
200028d0:86bff1df
200028e0:d86b76cb
200028f0:bd218e94
20002900:c2c4442c
20002910:c2137d6
20002920:60ccb3c4
20002930:60160d6a
20002940:fc510833
20002950:5500c9cf
20002960:3f38beff
20002970:cda08b99
20002980:44a16eeb
20002990:9f8056df
200029a0:741f1a7e
200029b0:a1f1b306
200029c0:e2de484d
200029d0:8afd5372
200029e0:fb1d108b
200029f0:85bccaee
20002a00:15cff2e1
20002a10:40dcd8ae
20002a20:bf211142
20002a30:f907be93
20002a40:590a78ea
20002a50:74341e4b
20002a60:b94969f3
20002a70:526f1dc7
20002a80:98d5f14f
20002a90:45648aae
20002aa0:af210538
20002ab0:681e5a3d
20002ac0:38ca6fd0
20002ad0:b359b15b
20002ae0:b2d63899
20002af0:86f11b13
20002b00:af58376b
20002b10:f68d1d3
20002b20:176caba9
20002b30:74a20bc7
20002b40:f6f286dd
20002b50:385d0be3
20002b60:b6f18844
20002b70:7e9f4c4d
20002b80:b4e551b8
20002b90:c8edb706
20002ba0:39824be1
20002bb0:5a3aff2
20002bc0:21946aab
20002bd0:9984f4d3
20002be0:39ffb880
20002bf0:47e335f7
20002c00:7121e251
20002c10:f3a0107a
20002c20:49b539cf
20002c30:865268a0
20002c40:f5c979b0
20002c50:e5bbf738
20002c60:4f2f5ee1
20002c70:76884f80
20002c80:d27ad5ee
20002c90:3c565e29
20002ca0:3f82a43c
20002cb0:76bfbf99
20002cc0:be5a4d3d
20002cd0:fdf1a910
20002ce0:f2baeefc
20002cf0:7b3a51fa
20002d00:f6d04b3a
20002d10:3b399108
20002d20:278db8ab
20002d30:b64ff53a
20002d40:3d630ef4
20002d50:7ae85e9d
20002d60:56bfbea9
20002d70:fa73bfd5
20002d80:7ae3b525
20002d90:b85d34db
20002da0:a5e83f41
20002db0:6aebc881
20002dc0:f7db77b
20002dd0:aa5ceafe
20002de0:768cd65c
20002df0:25c6e2b5
20002e00:b573eb4f
20002e10:f29bfb6d
20002e20:3abf34a3
20002e30:1401f6b6
20002e40:87f79bb4
20002e50:6ab79227
20002e60:92cbdfa6
20002e70:92593254
20002e80:c98b2fac
20002e90:a641a9f0
20002ea0:8ac5162d
20002eb0:3a37d0a8
20002ec0:59e5a097
20002ed0:533fccb7
20002ee0:cafb4854
20002ef0:a29d992a
20002f00:d1861919
20002f10:37425a97
20002f20:8e0510d
20002f30:d28455ef
20002f40:1dce7321
20002f50:77d2ddf5
20002f60:68965d16
20002f70:3c28c98c
20002f80:4afde1cd
20002f90:1074fce
20002fa0:c1862bb6
20002fb0:93ef3b66
20002fc0:77e7a5db
20002fd0:f39b26f1
20002fe0:69fbac6d
20002ff0:54b5a80c
20003000:e59cfdcf
20003010:6594f6ce
20003020:4714fc1
20003030:4982499e
20003040:f9b4569f
20003050:f74afd5b
20003060:4b8f0e5b
20003070:1bc611fd
20003080:78df9003
20003090:2c5ba3bb
200030a0:1f8b9992
200030b0:5be2719e
200030c0:ffbe36cf
200030d0:3b3aef36
200030e0:e04a43d2
200030f0:bd3d4b18
20003100:16786647
20003110:31e0df13
20003120:a964d5a2
20003130:d59fcc95
20003140:19268e3e
20003150:7f0a16ab
20003160:16b635d8
20003170:e71f13be
20003180:f4b56bda
20003190:ea84ef3a
200031a0:4517fd83
200031b0:a3aaa7af
200031c0:c629491e
200031d0:6f67055f
200031e0:2ffd056d
200031f0:6130a3d7
20003200:1fc97d70
20003210:25b9a382
20003220:f20d46da
20003230:36688f2f
20003240:6d11c23f
20003250:79a19d8b
20003260:d1e23fa6
20003270:623c55d9
20003280:83a7636f
20003290:ffb51008
200032a0:7ecf2381
200032b0:2a2adee2
200032c0:e8feafed
200032d0:fe872a86
200032e0:372a1f26
200032f0:c6977f7f
20003300:7ae810a3
20003310:453dde1c
20003320:9b99ca1d
20003330:fb3e3cd3
20003340:4f941926
20003350:5724ca2e
20003360:77701dee
20003370:e77e567b
20003380:325bc037
20003390:193c7d36
200033a0:e1d2d82c
200033b0:e03c339b
200033c0:9f7d234b
200033d0:eec7639e
200033e0:60962b6f
200033f0:9c54938f
20003400:5a346fa4
20003410:d254307
20003420:10c69df7
20003430:d471dbc8
20003440:1776cac
20003450:82a2c7ae
20003460:508609ec
20003470:c3599278
20003480:fb665dc
20003490:d5a7f7e3
200034a0:69828fe7
200034b0:cea24945
200034c0:229edc21
200034d0:2f1d3ac2
200034e0:918b996f
200034f0:5c9d533f
20003500:5b1da286
20003510:6e0475bc
20003520:9c54fd52
20003530:d6fa1500
20003540:a67a7d64
20003550:b0d3b03e
20003560:70cbfd73
20003570:5ae5557
20003580:b6439823
20003590:b5dfa97e
200035a0:62b2c812
200035b0:8d841ea5
200035c0:69ffacbd
200035d0:9f3957
200035e0:dca51446
200035f0:383ebf72
20003600:dd9eee9d
20003610:11f823be
20003620:14719793
20003630:f4085aad
20003640:b8b62b8
20003650:8ac6a8d9
20003660:5e9fdd73
20003670:20b7d36f
20003680:52759fb2
20003690:1da7e638
200036a0:776dd38e
200036b0:71946edf
200036c0:33306a6a
200036d0:65661e49
200036e0:6ac25cb1
200036f0:e7292583
20003700:f8ba2bf8
20003710:9c98cdb1
20003720:3420722d
20003730:aad18a2a
20003740:d733be27
20003750:8deedc99
20003760:b3c97fdd
20003770:3dc46a7d
20003780:573a437
20003790:fc9589c8
200037a0:fa09b9ae
200037b0:61468c51
200037c0:f599575
200037d0:db7510c7
200037e0:63503b8c
200037f0:53aa05ad
20003800:a66ac903
20003810:38275d67
20003820:3294cfa3
20003830:7376de5c
20003840:36b90eae
20003850:5926f128
20003860:deea4ae8
20003870:d566b044
20003880:d7a0e2b8
20003890:17825754
200038a0:43257df4
200038b0:3e0aabf6
200038c0:b3c77ef
200038d0:7f331dbc
200038e0:d750ea29
200038f0:6cdbd6ac
20003900:ea97ac18
20003910:b09d5a4e
20003920:edbd42b8
20003930:75fdcd25
20003940:75138ca7
20003950:a091bf6c
20003960:9c13cef5
20003970:9666d8e7
20003980:58a7e94
20003990:8e3de8d4
200039a0:341ddac2
200039b0:22f0c2b4
200039c0:d995d3c3
200039d0:c7ffe8c2
200039e0:6d2efecb
200039f0:271a9750
20003a00:f585a6f3
20003a10:6a827d2b
20003a20:d9a8b839
20003a30:4b0061b9
20003a40:3739b3ee
20003a50:46ebd3b1
20003a60:e91554ef
20003a70:300909c2
20003a80:f8947679
20003a90:4563e5c5
20003aa0:7769a038
20003ab0:e49df0ae
20003ac0:fa2dd5d
20003ad0:fbbd3bc8
20003ae0:7640fe73
20003af0:120378fb
20003b00:905f0941
20003b10:678df9ec
20003b20:90bfd5a1
20003b30:2ef014a
20003b40:1304e2d1
20003b50:ba16b3e8
20003b60:a8c32585
20003b70:3dd9d12a
20003b80:40bf6e7a
20003b90:f609e5ac
20003ba0:15aed493
20003bb0:793b433d
20003bc0:6345786c
20003bd0:8793567d
20003be0:2bdff0c0
20003bf0:7126a165
20003c00:ae4bc844
20003c10:d5cf779c
20003c20:4d8cbe6f
20003c30:9681081
20003c40:aa554b3d
20003c50:d6ac7a9f
20003c60:6a2f8c31
20003c70:cb1ff2c9
20003c80:b44f6984
20003c90:bf9f253b
20003ca0:af79316a
20003cb0:b02f67a0
20003cc0:56c6e7bc
20003cd0:5fb44259
20003ce0:c1a73962
20003cf0:aa5dfdf5
20003d00:116b0c09
20003d10:cd788e33
20003d20:37f38948
20003d30:1d4e456f
20003d40:66b43ab
20003d50:ad24a49
20003d60:3fb70d58
20003d70:f430d54b
20003d80:994ed5c9
20003d90:cd6d036e
20003da0:7e218d32
20003db0:a9fa4b50
20003dc0:d6c37e01
20003dd0:9df8b6fb
20003de0:fffa36d4
20003df0:d46c8edf
20003e00:bef13a0c
20003e10:28767503
20003e20:adeff68f
20003e30:a9c866e
20003e40:83d2f7ba
20003e50:2cc17b3e
20003e60:1b02f3f0
20003e70:e996cc03
20003e80:af6b797c
20003e90:da78bb18
20003ea0:cc837d72
20003eb0:adb29d1e
20003ec0:66b7b8c3
20003ed0:8efd031d
20003ee0:4d6a6d35
20003ef0:dfa1d7be
20003f00:7c94c2c7
20003f10:96db6da
20003f20:dbc7ff87
20003f30:989480cb
20003f40:b5ae27d
20003f50:aecadffb
20003f60:db6fc783
20003f70:9d8f377d
20003f80:3381e2de
20003f90:e799687b
20003fa0:8bf720f1
20003fb0:8b274aae
20003fc0:967d9196
20003fd0:4d7557ed
20003fe0:fe6f9e75
20003ff0:0
20004000:11ab1026
20004010:c6e6f848
20004020:f423f9da
20004030:ede2c46
20004040:875350cf
20004050:f44972cc
20004060:ff2c2a7e
20004070:b91c16ba
20004080:139ce92f
20004090:c63b42ac
200040a0:a364dd01
200040b0:f188f0d3
200040c0:3df2e4c2
200040d0:1b5456c0
200040e0:d3be9037
200040f0:3b9a4cdc
20004100:7562297a
20004110:336c761d
20004120:3f6d743f
20004130:78c64819
20004140:eee2295
20004150:7d87057e
20004160:63c4e36c
20004170:fc1fea06
20004180:c0b06bed
20004190:238a1c45
200041a0:e1ef444
200041b0:12bf34e3
200041c0:b3bbfd1b
200041d0:7ba5060d
200041e0:aa597d33
200041f0:1d4ca27c
20004200:b33caee3
20004210:c1554aec
20004220:e4b41583
20004230:7b64bb12
20004240:2e02362d
20004250:dacb2cbf
20004260:aa117d1f
20004270:8c6f345f
20004280:fd3bff26
20004290:dfad0eb7
200042a0:2bc6978d
200042b0:dda1ce1b
200042c0:b97662c5
200042d0:79b069fd
200042e0:ec5afa78
200042f0:74e3918a
20004300:1dba5e82
20004310:78b064af
20004320:7c5709b9
20004330:5a018b1e
20004340:e9bc8270
20004350:4de3d41c
20004360:46df334d
20004370:d0ff513f
20004380:7efabb61
20004390:e00dc2d5
200043a0:8fd9d71
200043b0:f6735fc8
200043c0:ea3e23df
200043d0:129e2571
200043e0:6dfc3f85
200043f0:af885a0b
20004400:1bd251e3
20004410:b6bdeffb
20004420:4f663da6
20004430:fbec7c84
20004440:50d37be7
20004450:f8595f6c
20004460:df57667f
20004470:3a405876
20004480:d0382d46
20004490:f566fdfb
200044a0:f44ba4d5
200044b0:39594a3c
200044c0:892011d5
200044d0:eb4a3ee4
200044e0:bc829e9a
200044f0:19f8b792
20004500:140ca814
20004510:5b7f9ca0
20004520:a28f2d1f
20004530:da9b3f11
20004540:3371078d
20004550:e06badde
20004560:942dff5a
20004570:e299c715
20004580:1bc58e9e
20004590:b0bf1d36
200045a0:d1498fe8
200045b0:a5587cff
200045c0:b3aafe24
200045d0:5a9bd588
200045e0:7d5770e0
200045f0:19652a89
20004600:550e1da1
20004610:28152b27
20004620:5c4ac462
20004630:f96daa54
20004640:85c49675
20004650:c7677fa1
20004660:250e4b4e
20004670:2575e8e0
20004680:9702e57d
20004690:26433079
200046a0:3d94ff4b
200046b0:bc54bbd3
200046c0:ba15fb38
200046d0:37c7d3c
200046e0:8e166178
200046f0:254813af
20004700:9324f63b
20004710:f7a24b73
20004720:fbf1b021
20004730:35aba95d
20004740:976a5561
20004750:ae20b081
20004760:c0691ea1
20004770:62928af4
20004780:8713a3b4
20004790:4b778df6
200047a0:bbffb1ce
200047b0:7451fe0f
200047c0:ed228175
200047d0:2d2cac2d
200047e0:183e12aa
200047f0:93dc698e
20004800:ee3b8a8d
20004810:6c9a2ea7
20004820:7cfefdc1
20004830:ce94a7bf
20004840:e697a23d
20004850:99ff6eda
20004860:929a4691
20004870:364fa63d
20004880:8ce6de9c
20004890:a7d80ac9
200048a0:d903729d
200048b0:de0db8af
200048c0:28d47cb3
200048d0:9a163f83
200048e0:cbdd97b1
200048f0:f137b838
20004900:a90b9e21
20004910:4a6a7d59
20004920:9cd261f7
20004930:3f8306cf
20004940:7fe711e
20004950:2ade99d7
20004960:b02f251
20004970:2adfb61e
20004980:fe3b77a6
20004990:988cb3be
200049a0:fe7d836e
200049b0:23cc3f7b
200049c0:16b54646
200049d0:9fcc2343
200049e0:82f06c50
200049f0:9159ecf3
20004a00:b9a21cba
20004a10:facf0d05
20004a20:de3ca992
20004a30:4d22f29b
20004a40:30346606
20004a50:553e98bb
20004a60:4f1ca783
20004a70:3a23e58d
20004a80:e7ba3287
20004a90:9333a81f
20004aa0:45dce526
20004ab0:2c3ee56a
20004ac0:5efc856
20004ad0:aaa0930
20004ae0:cdf5e549
20004af0:d4a8fed4
20004b00:405177c2
20004b10:58a57b16
20004b20:d2c6e934
20004b30:c7ffc3bb
20004b40:475d9d7e
20004b50:8951f8f0
20004b60:865591e9
20004b70:f2dc43fb
20004b80:451a9abd
20004b90:bf992f8
20004ba0:c483f870
20004bb0:96ff08a9
20004bc0:ab3e9290
20004bd0:1a554baa
20004be0:cb2a29dc
20004bf0:acbcb8ca
20004c00:6412678f
20004c10:5febca5f
20004c20:b4d78d23
20004c30:482dbf79
20004c40:816af1e6
20004c50:c6a66045
20004c60:6820dae3
20004c70:2cf85d12
20004c80:7ef6cb8d
20004c90:5ff7bb1b
20004ca0:ce1b35f6
20004cb0:cf129a94
20004cc0:9c915707
20004cd0:6e1ce16c
20004ce0:81602e70
20004cf0:cb6a0da0
20004d00:73ec399f
20004d10:cafa7e47
20004d20:bb1d6f96
20004d30:61bf1845
20004d40:7b9490bf
20004d50:64d09941
20004d60:1575be7c
20004d70:d3035a85
20004d80:6eb3da3f
20004d90:27b4cd88
20004da0:43f139fd
20004db0:78a202fa
20004dc0:10d6c753
20004dd0:948c47f6
20004de0:c6c7732b
20004df0:1123d03f
20004e00:ebe81f7a
20004e10:e649c463
20004e20:779d942d
20004e30:bf742962
20004e40:417feb53
20004e50:50fe66ff
20004e60:fe79ba79
20004e70:23719267
20004e80:f76e1ae6
20004e90:c86aec38
20004ea0:90979ee8
20004eb0:8adce7e
20004ec0:4250b394
20004ed0:635b916d
20004ee0:121af4d3
20004ef0:82615234
20004f00:f6e0abb9
20004f10:6943d462
20004f20:854d6ad
20004f30:ba4948dd
20004f40:525ae13c
20004f50:6153c501
20004f60:9b1383f5
20004f70:f171e7e7
20004f80:5a63d730
20004f90:9eafb67e
20004fa0:bfaba1b3
20004fb0:eb55ca2f
20004fc0:a7464e7c
20004fd0:5f262fd0
20004fe0:4e853b26
20004ff0:f61df0b5
20005000:cb94f93b
20005010:cf5c5cbd
20005020:4f5e3d6f
20005030:adb54d5c
20005040:213731d5
20005050:b5e7531e
20005060:4285c7c7
20005070:f5b46a9c
20005080:f394b20a
20005090:77f1bec3
200050a0:d4083e20
200050b0:db146a81
200050c0:89c9a207
200050d0:6e828780
200050e0:d6cb5d6b
200050f0:e192c7ae
20005100:7a61ed3a
20005110:f4df9deb
20005120:6e1d5c48
20005130:f14e4725
20005140:8f848f5a
20005150:75149244
20005160:71936376
20005170:7fd949a7
20005180:8d76c067
20005190:48fd95e6
200051a0:59841ffb
200051b0:6ea5c406
200051c0:69f15d69
200051d0:d4b69a7c
200051e0:3769ed13
200051f0:23391ab9
20005200:3f03df1a
20005210:a7b278e7
20005220:e403f33f
20005230:2e5705af
20005240:32c0da6c
20005250:eec96a0a
20005260:b9d94646
20005270:11917cfb
20005280:ffc477aa
20005290:ab55efb5
200052a0:2ed5bf32
200052b0:c23ecfea
200052c0:fc9ea29a
200052d0:58241e35
200052e0:fe5b1e33
200052f0:5f1b7dbe
20005300:f6ab0562
20005310:b753ca47
20005320:f85b9bc7
20005330:5e6c5fdd
20005340:979e9cb5
20005350:7a9161c2
20005360:647361e8
20005370:d6a0635f
20005380:71af48a4
20005390:327ea2b7
200053a0:5dd979d6
200053b0:aeddd552
200053c0:35afcb
200053d0:1eb42704
200053e0:6bceded1
200053f0:dff8e0a6
20005400:eaa87dd0
20005410:ce0cef26
20005420:2f062b06
20005430:ee7dfd9b
20005440:46a1b64f
20005450:da698470
20005460:ed32d342
20005470:d90320dd
20005480:ab8efeb8
20005490:d5be84ba
200054a0:d446da44
200054b0:26771715
200054c0:69ffea0c
200054d0:2c41c4bb
200054e0:273e966c
200054f0:95e064a3
20005500:6153d549
20005510:5a947c7
20005520:f1db2e7c
20005530:52c9bc3
20005540:85f50645
20005550:c0ed8175
20005560:c1d6807c
20005570:c0206033
20005580:c29b5ebb
20005590:bb568489
200055a0:67200f17
200055b0:a3d36c98
200055c0:95ab873a
200055d0:49a78d58
200055e0:5d858c3b
200055f0:45357377
20005600:729b015
20005610:f7de35f
20005620:204ad71d
20005630:7bb1f790
20005640:98f78bac
20005650:7513857
20005660:fc2cffba
20005670:db4ec8cd
20005680:506778c2
20005690:fd6b489d
200056a0:5d6de5de
200056b0:c0ec6a69
200056c0:d517e3dc
200056d0:2ae4d9c8
200056e0:3e0e01bb
200056f0:63c50f1
20005700:d9706734
20005710:e3f4fe81
20005720:a66df5b3
20005730:10a05913
20005740:5fc16855
20005750:5a1c497d
20005760:16555204
20005770:8941ce11
20005780:144729df
20005790:d7f0119e
200057a0:21c84a8d
200057b0:ed53cf69
200057c0:14a15718
200057d0:57d1c3a7
200057e0:9f68e8dc
200057f0:dee3b01d
20005800:93c6a553
20005810:9f57922c
20005820:cb1e928b
20005830:b749ef0c
20005840:28e1f5b
20005850:515a7f
20005860:1d0aa0da
20005870:3e517b25
20005880:7a490b4a
20005890:6f769748
200058a0:18e90683
200058b0:d74675e5
200058c0:745e42df
200058d0:5d678af1
200058e0:40145108
200058f0:29a8b7e0
20005900:a4f633e2
20005910:ff9ffd97
20005920:cb568f05
20005930:d8c36b49
20005940:5f0fcbde
20005950:4c09dd47
20005960:853de3ac
20005970:fdddef55
20005980:d7230329
20005990:e6887f8c
200059a0:779352c5
200059b0:a1e3ddc9
200059c0:8c56bf6d
200059d0:a4fae72c
200059e0:b6bf54fd
200059f0:632be898
20005a00:37348c44
20005a10:8224fdae
20005a20:f796abdf
20005a30:2773769
20005a40:cb7d6d33
20005a50:2abb929b
20005a60:b95820dc
20005a70:f9a5395a
20005a80:244f72a2
20005a90:3586ca0a
20005aa0:889cb255
20005ab0:df8c2ed9
20005ac0:993e6110
20005ad0:148a431c
20005ae0:e58cbec9
20005af0:dfea4037
20005b00:d313ab75
20005b10:92ec3bc7
20005b20:761741f9
20005b30:bbfac9d3
20005b40:f9177d61
20005b50:c0358773
20005b60:aa30bdb
20005b70:21347562
20005b80:fcddde80
20005b90:cb491ff7
20005ba0:87282bdf
20005bb0:5c7bf68f
20005bc0:de24cfa8
20005bd0:5b262cac
20005be0:a23d99ac
20005bf0:6edb83f9
20005c00:e2539a0b
20005c10:cf218df9
20005c20:c69b99e1
20005c30:6c854981
20005c40:82a499cc
20005c50:5e584496
20005c60:49ee840d
20005c70:4cfb4480
20005c80:4eb7ffb5
20005c90:dfe197c8
20005ca0:d7defff9
20005cb0:a5e95513
20005cc0:aefb96e3
20005cd0:59348c57
20005ce0:c414fda4
20005cf0:31449df7
20005d00:4965f1bd
20005d10:92f622f6
20005d20:16bf929c
20005d30:be59e8ba
20005d40:de0d5a97
20005d50:36a9da67
20005d60:a0d3a2f0
20005d70:75692c3b
20005d80:a990bd72
20005d90:b36fcb18
20005da0:553fca9b
20005db0:9731f3d5
20005dc0:ffbbb115
20005dd0:36f369b4
20005de0:5b2ce57
20005df0:4ede037f
20005e00:dadee74e
20005e10:3e639b3a
20005e20:9d11a615
20005e30:697daa3
20005e40:e770de9f
20005e50:a9fea716
20005e60:fd52c322
20005e70:a23fcba8
20005e80:3ff56ee6
20005e90:e2bdbd49
20005ea0:f52ff52f
20005eb0:573bf744
20005ec0:2da0daae
20005ed0:b1d4bbcd
20005ee0:9b39b7c6
20005ef0:69c8cb92
20005f00:a5951203
20005f10:c7afc5cb
20005f20:f1591dfc
20005f30:eb25c897
20005f40:fbde0d5d
20005f50:e67ed8d0
20005f60:8e184910
20005f70:71b10750
20005f80:2a98c3e4
20005f90:bbaa3592
20005fa0:49ed77df
20005fb0:c639f55c
20005fc0:93d9f453
20005fd0:36734adb
20005fe0:604046b6
20005ff0:c1676c6e
20006000:6d69ed5
20006010:ef0f77f
20006020:4c1777fc
20006030:9fb52aec
20006040:8a3d77f7
20006050:41d67b97
20006060:cdcf736a
20006070:540de6cc
20006080:97f7fdf3
20006090:861776bd
200060a0:2a8ecc23
200060b0:e5a5eb93
200060c0:888ce4de
200060d0:7abae370
200060e0:2af068d2
200060f0:50d0b682
20006100:3269d85b
20006110:17a67839
20006120:a3eefd2c
20006130:7b963169
20006140:eeb35d77
20006150:64a7e7e9
20006160:ef2ffa7f
20006170:3434435d
20006180:6b6e6353
20006190:47e2df24
200061a0:875a5e72
200061b0:d431655b
200061c0:3ab5e002
200061d0:acd325f5
200061e0:173ba5a8
200061f0:b720cb53
20006200:8e9a2c54
20006210:fec07725
20006220:fa319ec3
20006230:5a8f90b5
20006240:9b3e8be2
20006250:b3b173a
20006260:73f95398
20006270:71f24f1c
20006280:f445d268
20006290:b73faf20
200062a0:e23e1639
200062b0:aa4c6235
200062c0:75157ae3
200062d0:db8c2655
200062e0:ff673728
200062f0:f6ce87c6
20006300:d4ff0c73
20006310:7c94477d
20006320:adcf5dee
20006330:cbf1ce0e
20006340:943c948a
20006350:5f279a5a
20006360:f23cd43b
20006370:343458e4
20006380:433269ba
20006390:7dcf3a61
200063a0:28664ccf
200063b0:7c67aa2b
200063c0:69bc7e0e
200063d0:fa6b9726
200063e0:a151533f
200063f0:ae753d72
20006400:3daef1ea
20006410:7a42e027
20006420:f653963c
20006430:1feffb0c
20006440:bf561beb
20006450:a1853560
20006460:60208f33
20006470:2f3ffb89
20006480:5454d8f6
20006490:6b485b0
200064a0:f1d116c7
200064b0:e1f8071b
200064c0:1581c34d
200064d0:3e5f80eb
200064e0:adb6884a
200064f0:3daa5c89
20006500:e807c4a1
20006510:678daf9
20006520:6c1c332d
20006530:4df710e3
20006540:420d9c55
20006550:7aefed87
20006560:4472bb67
20006570:825a74be
20006580:3fe3c655
20006590:f990bc2f
200065a0:76a3ac64
200065b0:3518672b
200065c0:fa00eb3b
200065d0:58923f16
200065e0:3b8845d5
200065f0:3f977547
20006600:8426c37e
20006610:8020626
20006620:d067aa45
20006630:6692d38c
20006640:2962c775
20006650:76049721
20006660:3c33ec28
20006670:53276fc8
20006680:b53ec14d
20006690:f0107285
200066a0:33ffb2a3
200066b0:441e57bb
200066c0:4c273ffa
200066d0:f9fed765
200066e0:d1e6d177
200066f0:7a575b77
20006700:3a25a720
20006710:38f06322
20006720:a3e9375d
20006730:3139ed55
20006740:56a253f8
20006750:9b33e141
20006760:fc906265
20006770:e7cb7b55
20006780:70a32f0c
20006790:b10e914
200067a0:bdfaf5d5
200067b0:b79bf839
200067c0:af4daafb
200067d0:ba7bcf44
200067e0:fa227fc6
200067f0:fe9b11d4
20006800:8fadf2d3
20006810:d847f1cd
20006820:556fed2a
20006830:3226199c
20006840:8bd98e72
20006850:ddf0de75
20006860:a091799d
20006870:b1453315
20006880:839ef59d
20006890:e421172c
200068a0:2f90a58d
200068b0:42df3ae7
200068c0:bdbdebfe
200068d0:67a08261
200068e0:535fa7c8
200068f0:e13f3437
20006900:ecd0f6a6
20006910:6c09c479
20006920:ff9b4de3
20006930:40baafc
20006940:fa76cff7
20006950:b8dc853e
20006960:fca4cb62
20006970:2e17f3df
20006980:a422ed96
20006990:90c0e67b
200069a0:56e572b9
200069b0:2fdc32cb
200069c0:f15b33a4
200069d0:6c9b9781
200069e0:2d43e24f
200069f0:fc06a81c
20006a00:96dc7aa3
20006a10:23458f00
20006a20:8255e833
20006a30:f19fef2f
20006a40:d288fd8c
20006a50:bd542c71
20006a60:66eefce9
20006a70:c0f2b9cf
20006a80:3952167d
20006a90:a1f1a3f8
20006aa0:2d3a62ce
20006ab0:9d9eaf51
20006ac0:8ea5bfa1
20006ad0:f5672753
20006ae0:19f8f0eb
20006af0:cf1797b6
20006b00:fdfb5329
20006b10:ce7c74c6
20006b20:19787c0d
20006b30:6d7826de
20006b40:6d0adab6
20006b50:c9766745
20006b60:87870da1
20006b70:452db1af
20006b80:fec8a3f8
20006b90:4f958c7f
20006ba0:ee67e47f
20006bb0:70bc0f0e
20006bc0:3d05b8f7
20006bd0:72703634
20006be0:228d3720
20006bf0:e964689c
20006c00:eb62bfff
20006c10:79f3dee2
20006c20:17583a20
20006c30:fb4ff565
20006c40:7e93fcfb
20006c50:f4c0f796
20006c60:a61f51a6
20006c70:bfd17196
20006c80:eda3dca3
20006c90:f5de8b3c
20006ca0:945a75c
20006cb0:b0381997
20006cc0:cd61ccb3
20006cd0:7ba30932
20006ce0:c768ba7f
20006cf0:1f10dfd
20006d00:2c2011c8
20006d10:904ffdca
20006d20:aecdb379
20006d30:8454a9b7
20006d40:ade911f9
20006d50:dd52a876
20006d60:19e482d3
20006d70:5b2024ce
20006d80:3e4c9683
20006d90:12f4ca49
20006da0:557aca50
20006db0:95ce6386
20006dc0:e22ebcc7
20006dd0:7cbef3a6
20006de0:2037edb3
20006df0:5edd011c
20006e00:81abb1b6
20006e10:a9141e96
20006e20:b8ca01cd
20006e30:60ffe097
20006e40:fd58f01
20006e50:c190f89a
20006e60:ffe90048
20006e70:ed032539
20006e80:bc120833
20006e90:27d6c628
20006ea0:7ca0ecf2
20006eb0:75639be6
20006ec0:fa62ce72
20006ed0:5a06701f
20006ee0:1f75cb3
20006ef0:6e839089
20006f00:4e8e6651
20006f10:77deb25b
20006f20:815f4b86
20006f30:6e0d0cc4
20006f40:de19162a
20006f50:dadbc374
20006f60:1f137a32
20006f70:7b397b05
20006f80:c92a897c
20006f90:51f9dbd5
20006fa0:5cbf7d54
20006fb0:5699532c
20006fc0:dd5bd7f5
20006fd0:a3c8431b
20006fe0:3d87c329
20006ff0:88e655ab
20007000:8fe216d8
20007010:d0b90140
20007020:c27170b9
20007030:f9958944
20007040:3aa7854b
20007050:9ae55bbf
20007060:7e71b79a
20007070:c4dcdef3
20007080:7a46fdc9
20007090:1affee19
200070a0:f6a105e
200070b0:5a366fbe
200070c0:a8b89d97
200070d0:6a4f9171
200070e0:44ad39ef
200070f0:5b1672b2
20007100:71136833
20007110:f9282cc5
20007120:8d64286c
20007130:2db1d01f
20007140:fc47e9b8
20007150:bfb2e9d3
20007160:a0ba7781
20007170:55383ba6
20007180:efc0e4ac
20007190:5fbf47e
200071a0:2bce9924
200071b0:2e285745
200071c0:8bd6eadd
200071d0:e5bf2b65
200071e0:934a5df6
200071f0:f08669ef
20007200:b4e0532f
20007210:31770bb9
20007220:936ddec3
20007230:79c5e0a
20007240:6eed9e1e
20007250:d04129fb
20007260:ebdb474d
20007270:49859bbf
20007280:3f87707b
20007290:2a31e0b9
200072a0:a7381c36
200072b0:20e6c487
200072c0:fce1931c
200072d0:f620dfcb
200072e0:6b165bd7
200072f0:1726e2b
20007300:c4efa437
20007310:6dbcb3f3
20007320:3d7a98af
20007330:40f00000
20007340:31e22b89
20007350:67939897
20007360:d120f055
20007370:1cc13db1
20007380:4f6ba8e2
20007390:e53e6486
200073a0:4f71b8d0
200073b0:a1cc3471
200073c0:da7b4278
200073d0:56f8e6bd
200073e0:a77ad223
200073f0:66c64a09
20007400:5546597b
20007410:4ddb8df5
20007420:e42f0339
20007430:7bfd3b4
20007440:f842b998
20007450:ea524c3c
20007460:a1f2a703
20007470:b437da3
20007480:f0676822
20007490:f30b6fa1
200074a0:4bb9125c
200074b0:4b69c7d1
200074c0:ffca416e
200074d0:8aba7f2c
200074e0:4790f76
200074f0:548f07d4
20007500:b121ab5d
20007510:7f2c6f8c
20007520:c97214a9
20007530:6525114
20007540:839d9ec7
20007550:c5f189a7
20007560:980cc7f9
20007570:b78cd87b
20007580:4fb54aaf
20007590:58f78301
200075a0:99e45dc6
200075b0:eeef9d79
200075c0:4ed88bac
200075d0:beefaeef
200075e0:2a959dae
200075f0:b26f8c89
20007600:2f2178ff
20007610:71e1763c
20007620:5a18bde2
20007630:13ca2961
20007640:b23b6f86
20007650:d5fe85db
20007660:ef5e9dfb
20007670:7c2127f8
20007680:e1848156
20007690:5ade9139
200076a0:5e600d68
200076b0:9f8c45c7
200076c0:cc49e83
200076d0:80d5eda9
200076e0:f648147c
200076f0:a4ed4b56
20007700:57e48c73
20007710:ba045d4c
20007720:2fb8b6ef
20007730:9695068d
20007740:d740a4c8
20007750:5fd66f19
20007760:95dfffb0
20007770:aa0acbd1
20007780:2fca5f7c
20007790:9037a5e6
200077a0:b7036af1
200077b0:429a1664
200077c0:599ca3c9
200077d0:2b90479c
200077e0:3f5d981a
200077f0:f347cfa5
20007800:5cc5a490
20007810:e01ce639
20007820:abeabe80
20007830:bc022a21
20007840:36e95bff
20007850:cfd07a97
20007860:4360bfaa
20007870:ea26462d
20007880:9693467a
20007890:fe062a0
200078a0:76d2c5d
200078b0:a7ce3e5c
200078c0:cced907c
200078d0:3e839cac
200078e0:6a6dde5d
200078f0:fa8c07d3
20007900:a9912ff6
20007910:9a9d1d21
20007920:ea608c5e
20007930:c5c6b853
20007940:42fe6b7d
20007950:c70d1e8d
20007960:7f753905
20007970:91ef972b
20007980:4ec872c4
20007990:f7f6b2e8
200079a0:a1a543f8
200079b0:b9aae7db
200079c0:392f1d9f
200079d0:6778dfba
200079e0:fc747584
200079f0:dde9a524
20007a00:3d00f88d
20007a10:797813b6
20007a20:82c5fae0
20007a30:d4702e38
20007a40:71afb583
20007a50:84d95abf
20007a60:8abbe87d
20007a70:6ec5ac70
20007a80:a4c97759
20007a90:4ce6b1a0
20007aa0:2036950c
20007ab0:abc292f6
20007ac0:f7830c93
20007ad0:43be5e2b
20007ae0:2b3fd0ed
20007af0:7747e53a
20007b00:d69afc86
20007b10:dca3867b
20007b20:83e6e49b
20007b30:b4da2008
20007b40:602c2271
20007b50:57264fe3
20007b60:9cd168dd
20007b70:6fc78f16
20007b80:a9f64459
20007b90:5bf77a45
20007ba0:7a08f483
20007bb0:28492302
20007bc0:23b50771
20007bd0:733efb7d
20007be0:e54a6d05
20007bf0:b640fad
20007c00:86bf78af
20007c10:fb3d0921
20007c20:1e3a41f6
20007c30:3fe194d8
20007c40:a6eb6014
20007c50:257dccf1
20007c60:d9b228b0
20007c70:b0ab99b6
20007c80:2c8f536f
20007c90:690123e1
20007ca0:6b55d229
20007cb0:d5c2f952
20007cc0:3acb355d
20007cd0:f7742e5f
20007ce0:ddc0deea
20007cf0:5214df77
20007d00:4828b30b
20007d10:51ddebb1
20007d20:b872ea9a
20007d30:65819bc0
20007d40:fb6718af
20007d50:bbd8c8ab
20007d60:6ab1508c
20007d70:d525daf5
20007d80:a85e84ab
20007d90:f6f037b7
20007da0:3125674f
20007db0:9b7dba5a
20007dc0:63df526d
20007dd0:60a8d5d2
20007de0:f38c7f02
20007df0:fe93b6e8
20007e00:b912bfbb
20007e10:bd4cf557
20007e20:cdbc4e0f
20007e30:8381bd5d
20007e40:3ce74479
20007e50:e98a2fc0
20007e60:5a3ca5be
20007e70:684498e
20007e80:87d6146f
20007e90:6061dada
20007ea0:1dcc3f45
20007eb0:5e74c28a
20007ec0:9dce79a2
20007ed0:ad3021fe
20007ee0:3c1fad0
20007ef0:a95fdb71
20007f00:8dc78651
20007f10:9dd0db26
20007f20:e0d56b24
20007f30:740f6f30
20007f40:b1cf9ec0
20007f50:9f5c8fc9
20007f60:cebf74ec
20007f70:f3bc99e7
20007f80:50254f52
20007f90:2d2e7952
20007fa0:fc951818
20007fb0:40cdcf7f
20007fc0:ffffffff
20007fd0:ffffffff
20007fe0:ffffffff
20007ff0:0
